12:01:51,766 (main) DEBUG [DataNucleus.General] - Using PluginRegistry org.datanucleus.plugin.NonManagedPluginRegistry
12:01:51,792 (main) DEBUG [DataNucleus.General] - Registering bundle org.sonatype.inject version 2.3.0 at URL file:/root/.m2/repository/org/sonatype/sisu/sisu-inject-bean/2.3.0/sisu-inject-bean-2.3.0.jar.
12:01:51,808 (main) DEBUG [DataNucleus.General] - Loading extension points from plug-in file jar:file:/root/.m2/repository/org/sonatype/sisu/sisu-inject-bean/2.3.0/sisu-inject-bean-2.3.0.jar!/plugin.xml.
12:01:51,809 (main) DEBUG [DataNucleus.General] - Loading extensions from plug-in file jar:file:/root/.m2/repository/org/sonatype/sisu/sisu-inject-bean/2.3.0/sisu-inject-bean-2.3.0.jar!/plugin.xml.
12:01:51,810 (main) DEBUG [DataNucleus.General] - Registering bundle org.datanucleus.jdo.query version 4.0.4 at URL file:/root/.m2/repository/org/datanucleus/datanucleus-jdo-query/4.0.4/datanucleus-jdo-query-4.0.4.jar.
12:01:51,812 (main) DEBUG [DataNucleus.General] - Loading extension points from plug-in file jar:file:/root/.m2/repository/org/datanucleus/datanucleus-jdo-query/4.0.4/datanucleus-jdo-query-4.0.4.jar!/plugin.xml.
12:01:51,812 (main) DEBUG [DataNucleus.General] - Loading extensions from plug-in file jar:file:/root/.m2/repository/org/datanucleus/datanucleus-jdo-query/4.0.4/datanucleus-jdo-query-4.0.4.jar!/plugin.xml.
12:01:51,812 (main) DEBUG [DataNucleus.General] - Registering bundle org.datanucleus version 4.1.2 at URL file:/root/.m2/repository/org/datanucleus/datanucleus-core/4.1.2/datanucleus-core-4.1.2.jar.
12:01:51,837 (main) DEBUG [DataNucleus.General] - Loading extension points from plug-in file jar:file:/root/.m2/repository/org/datanucleus/datanucleus-core/4.1.2/datanucleus-core-4.1.2.jar!/plugin.xml.
12:01:51,858 (main) DEBUG [DataNucleus.General] - Loading extensions from plug-in file jar:file:/root/.m2/repository/org/datanucleus/datanucleus-core/4.1.2/datanucleus-core-4.1.2.jar!/plugin.xml.
12:01:51,864 (main) DEBUG [DataNucleus.General] - Registering bundle org.datanucleus.store.types.jodatime version 4.1.0.release at URL file:/root/.m2/repository/org/datanucleus/datanucleus-jodatime/4.1.0-release/datanucleus-jodatime-4.1.0-release.jar.
12:01:51,866 (main) DEBUG [DataNucleus.General] - Loading extension points from plug-in file jar:file:/root/.m2/repository/org/datanucleus/datanucleus-jodatime/4.1.0-release/datanucleus-jodatime-4.1.0-release.jar!/plugin.xml.
12:01:51,867 (main) DEBUG [DataNucleus.General] - Loading extensions from plug-in file jar:file:/root/.m2/repository/org/datanucleus/datanucleus-jodatime/4.1.0-release/datanucleus-jodatime-4.1.0-release.jar!/plugin.xml.
12:01:51,868 (main) DEBUG [DataNucleus.General] - Registering bundle org.datanucleus.api.jdo version 4.1.0.release at URL file:/root/.m2/repository/org/datanucleus/datanucleus-api-jdo/4.1.0-release/datanucleus-api-jdo-4.1.0-release.jar.
12:01:51,873 (main) DEBUG [DataNucleus.General] - Loading extension points from plug-in file jar:file:/root/.m2/repository/org/datanucleus/datanucleus-api-jdo/4.1.0-release/datanucleus-api-jdo-4.1.0-release.jar!/plugin.xml.
12:01:51,874 (main) DEBUG [DataNucleus.General] - Loading extensions from plug-in file jar:file:/root/.m2/repository/org/datanucleus/datanucleus-api-jdo/4.1.0-release/datanucleus-api-jdo-4.1.0-release.jar!/plugin.xml.
12:01:51,875 (main) WARN  [DataNucleus.General] - Extension Point "org.datanucleus.store.rdbms.java_mapping" not registered, but plugin "org.datanucleus.store.types.jodatime" defined in file:/root/.m2/repository/org/datanucleus/datanucleus-jodatime/4.1.0-release/datanucleus-jodatime-4.1.0-release.jar refers to it.
12:01:51,876 (main) WARN  [DataNucleus.General] - Extension Point "org.datanucleus.store.rdbms.sql_expression" not registered, but plugin "org.datanucleus.store.types.jodatime" defined in file:/root/.m2/repository/org/datanucleus/datanucleus-jodatime/4.1.0-release/datanucleus-jodatime-4.1.0-release.jar refers to it.
12:01:51,876 (main) WARN  [DataNucleus.General] - Extension Point "org.datanucleus.store.rdbms.sql_method" not registered, but plugin "org.datanucleus.store.types.jodatime" defined in file:/root/.m2/repository/org/datanucleus/datanucleus-jodatime/4.1.0-release/datanucleus-jodatime-4.1.0-release.jar refers to it.
12:01:51,907 (main) DEBUG [DataNucleus.Persistence] - Java types support initialising ...
12:01:51,978 (main) DEBUG [DataNucleus.Persistence] - Java types support loaded : supported java types=[B, [C, [D, [F, [I, [J, [Ljava.lang.Boolean;, [Ljava.lang.Byte;, [Ljava.lang.Character;, [Ljava.lang.Double;, [Ljava.lang.Enum;, [Ljava.lang.Float;, [Ljava.lang.Integer;, [Ljava.lang.Long;, [Ljava.lang.Number;, [Ljava.lang.Short;, [Ljava.lang.String;, [Ljava.math.BigDecimal;, [Ljava.math.BigInteger;, [Ljava.util.Date;, [Ljava.util.Locale;, [S, [Z, boolean, byte, char, double, float, int, java.awt.Color, java.awt.image.BufferedImage, java.lang.Boolean, java.lang.Byte, java.lang.Character, java.lang.Class, java.lang.Double, java.lang.Enum, java.lang.Float, java.lang.Integer, java.lang.Long, java.lang.Number, java.lang.Short, java.lang.String, java.lang.StringBuffer, java.lang.StringBuilder, java.math.BigDecimal, java.math.BigInteger, java.net.URI, java.net.URL, java.sql.Date, java.sql.Time, java.sql.Timestamp, java.util.ArrayList, java.util.Arrays$ArrayList, java.util.BitSet, java.util.Calendar, java.util.Collection, java.util.Currency, java.util.Date, java.util.GregorianCalendar, java.util.HashMap, java.util.HashSet, java.util.Hashtable, java.util.LinkedHashMap, java.util.LinkedHashSet, java.util.LinkedList, java.util.List, java.util.Locale, java.util.Map, java.util.PriorityQueue, java.util.Properties, java.util.Queue, java.util.Set, java.util.SortedMap, java.util.SortedSet, java.util.Stack, java.util.TimeZone, java.util.TreeMap, java.util.TreeSet, java.util.UUID, java.util.Vector, long, org.joda.time.DateTime, org.joda.time.Duration, org.joda.time.Interval, org.joda.time.LocalDate, org.joda.time.LocalDateTime, org.joda.time.LocalTime, org.joda.time.Period, short
12:01:51,978 (main) DEBUG [DataNucleus.Persistence] - Type converter support initialising ...
12:01:52,008 (main) DEBUG [DataNucleus.Persistence] - Type converter support loaded
12:01:52,008 (main) DEBUG [DataNucleus.Persistence] - TypeConverter(s) available for byte[] to : java.nio.ByteBuffer
12:01:52,008 (main) DEBUG [DataNucleus.Persistence] - TypeConverter(s) available for char[] to : java.nio.ByteBuffer
12:01:52,008 (main) DEBUG [DataNucleus.Persistence] - TypeConverter(s) available for double[] to : java.nio.ByteBuffer
12:01:52,008 (main) DEBUG [DataNucleus.Persistence] - TypeConverter(s) available for float[] to : java.nio.ByteBuffer
12:01:52,008 (main) DEBUG [DataNucleus.Persistence] - TypeConverter(s) available for int[] to : java.nio.ByteBuffer
12:01:52,008 (main) DEBUG [DataNucleus.Persistence] - TypeConverter(s) available for long[] to : java.nio.ByteBuffer
12:01:52,008 (main) DEBUG [DataNucleus.Persistence] - TypeConverter(s) available for short[] to : java.nio.ByteBuffer
12:01:52,008 (main) DEBUG [DataNucleus.Persistence] - TypeConverter(s) available for boolean[] to : java.nio.ByteBuffer
12:01:52,008 (main) DEBUG [DataNucleus.Persistence] - TypeConverter(s) available for java.awt.Color to : java.lang.String,int[]
12:01:52,008 (main) DEBUG [DataNucleus.Persistence] - TypeConverter(s) available for java.io.Serializable to : java.lang.String,java.nio.ByteBuffer,byte[]
12:01:52,008 (main) DEBUG [DataNucleus.Persistence] - TypeConverter(s) available for java.lang.Boolean to : java.lang.Integer,java.lang.Character
12:01:52,008 (main) DEBUG [DataNucleus.Persistence] - TypeConverter(s) available for java.lang.Character to : java.lang.String
12:01:52,008 (main) DEBUG [DataNucleus.Persistence] - TypeConverter(s) available for java.lang.Class to : java.lang.String
12:01:52,008 (main) DEBUG [DataNucleus.Persistence] - TypeConverter(s) available for java.lang.Integer to : java.lang.String
12:01:52,009 (main) DEBUG [DataNucleus.Persistence] - TypeConverter(s) available for java.lang.Long to : java.lang.String
12:01:52,009 (main) DEBUG [DataNucleus.Persistence] - TypeConverter(s) available for java.lang.StringBuffer to : java.lang.String
12:01:52,009 (main) DEBUG [DataNucleus.Persistence] - TypeConverter(s) available for java.lang.StringBuilder to : java.lang.String
12:01:52,009 (main) DEBUG [DataNucleus.Persistence] - TypeConverter(s) available for java.math.BigDecimal to : java.lang.String,java.nio.ByteBuffer,java.lang.Double
12:01:52,009 (main) DEBUG [DataNucleus.Persistence] - TypeConverter(s) available for java.math.BigInteger to : java.lang.String,java.nio.ByteBuffer,java.lang.Long
12:01:52,009 (main) DEBUG [DataNucleus.Persistence] - TypeConverter(s) available for java.net.URI to : java.lang.String
12:01:52,009 (main) DEBUG [DataNucleus.Persistence] - TypeConverter(s) available for java.net.URL to : java.lang.String
12:01:52,009 (main) DEBUG [DataNucleus.Persistence] - TypeConverter(s) available for java.sql.Date to : java.lang.String,java.lang.Long,java.util.Date
12:01:52,009 (main) DEBUG [DataNucleus.Persistence] - TypeConverter(s) available for java.sql.Time to : java.lang.String,java.lang.Long,java.util.Date
12:01:52,009 (main) DEBUG [DataNucleus.Persistence] - TypeConverter(s) available for java.sql.Timestamp to : java.lang.String,java.lang.Long,java.util.Date
12:01:52,009 (main) DEBUG [DataNucleus.Persistence] - TypeConverter(s) available for java.util.BitSet to : java.lang.String
12:01:52,009 (main) DEBUG [DataNucleus.Persistence] - TypeConverter(s) available for java.util.Calendar to : java.lang.String,[Ljava.lang.Object;,java.sql.Timestamp,java.util.Date
12:01:52,009 (main) DEBUG [DataNucleus.Persistence] - TypeConverter(s) available for java.util.Currency to : java.lang.String
12:01:52,009 (main) DEBUG [DataNucleus.Persistence] - TypeConverter(s) available for java.util.Date to : java.lang.String,java.lang.Long
12:01:52,009 (main) DEBUG [DataNucleus.Persistence] - TypeConverter(s) available for java.util.Locale to : java.lang.String
12:01:52,009 (main) DEBUG [DataNucleus.Persistence] - TypeConverter(s) available for java.util.TimeZone to : java.lang.String
12:01:52,009 (main) DEBUG [DataNucleus.Persistence] - TypeConverter(s) available for java.util.UUID to : java.lang.String
12:01:52,009 (main) DEBUG [DataNucleus.Persistence] - TypeConverter(s) available for org.joda.time.DateTime to : java.lang.String,java.sql.Timestamp
12:01:52,009 (main) DEBUG [DataNucleus.Persistence] - TypeConverter(s) available for org.joda.time.Duration to : java.lang.String,java.lang.Long
12:01:52,009 (main) DEBUG [DataNucleus.Persistence] - TypeConverter(s) available for org.joda.time.Interval to : java.lang.String,[Ljava.sql.Timestamp;
12:01:52,009 (main) DEBUG [DataNucleus.Persistence] - TypeConverter(s) available for org.joda.time.LocalDate to : java.lang.String,java.sql.Date
12:01:52,009 (main) DEBUG [DataNucleus.Persistence] - TypeConverter(s) available for org.joda.time.LocalDateTime to : java.lang.String,java.sql.Timestamp
12:01:52,009 (main) DEBUG [DataNucleus.Persistence] - TypeConverter(s) available for org.joda.time.LocalTime to : java.lang.String,java.sql.Time
12:01:52,009 (main) DEBUG [DataNucleus.Persistence] - TypeConverter(s) available for org.joda.time.Period to : java.lang.String
12:01:52,011 (main) DEBUG [DataNucleus.MetaData] - MetaDataManager : Input=(XML,Annotations), XML-Validation=false, XML-Suffices=(persistence=*.jdo, orm=orm, query=*.jdoquery), JDO-listener=false
12:01:52,012 (main) INFO  [DataNucleus.Enhancer] - DataNucleus Enhancer (version 4.1.2) for API "JDO"
12:01:52,012 (main) DEBUG [DataNucleus.Enhancer] - DataNucleus Enhancer : Classpath
12:01:52,012 (main) DEBUG [DataNucleus.Enhancer] - >>  /opt/data/apache-maven-3.3.9/boot/plexus-classworlds-2.5.2.jar
12:01:52,012 (main) DEBUG [DataNucleus.Enhancer] - Enhancing classes
12:01:52,023 (main) DEBUG [DataNucleus.MetaData] - MetaData Management : Loading Metadata for classes "[domainapp.dom.app.homepage.HomePageService, domainapp.dom.app.homepage.HomePageViewModel, domainapp.dom.modules.simple.SimpleObject, domainapp.dom.modules.simple.QSimpleObject, domainapp.dom.modules.simple.SimpleObject$UpdateNameDomainEvent, domainapp.dom.modules.simple.SimpleObjects$CreateDomainEvent, domainapp.dom.modules.simple.SimpleObjects]" ...
12:01:52,033 (main) DEBUG [DataNucleus.MetaData] - Class "domainapp.dom.app.homepage.HomePageService" has annotations but there is no registered AnnotationReader. Please check your CLASSPATH and the annotations in the class for validity.
12:01:52,033 (main) DEBUG [DataNucleus.MetaData] - MetaData of type "jdo" for class "domainapp.dom.app.homepage.HomePageService" NOT found at /META-INF/package.jdo
12:01:52,033 (main) DEBUG [DataNucleus.MetaData] - MetaData of type "jdo" for class "domainapp.dom.app.homepage.HomePageService" NOT found at /WEB-INF/package.jdo
12:01:52,033 (main) DEBUG [DataNucleus.MetaData] - MetaData of type "jdo" for class "domainapp.dom.app.homepage.HomePageService" NOT found at /package.jdo
12:01:52,034 (main) DEBUG [DataNucleus.MetaData] - MetaData of type "jdo" for class "domainapp.dom.app.homepage.HomePageService" NOT found at /domainapp/package.jdo
12:01:52,034 (main) DEBUG [DataNucleus.MetaData] - MetaData of type "jdo" for class "domainapp.dom.app.homepage.HomePageService" NOT found at /domainapp.jdo
12:01:52,034 (main) DEBUG [DataNucleus.MetaData] - MetaData of type "jdo" for class "domainapp.dom.app.homepage.HomePageService" NOT found at /domainapp/dom/package.jdo
12:01:52,034 (main) DEBUG [DataNucleus.MetaData] - MetaData of type "jdo" for class "domainapp.dom.app.homepage.HomePageService" NOT found at /domainapp/dom.jdo
12:01:52,034 (main) DEBUG [DataNucleus.MetaData] - MetaData of type "jdo" for class "domainapp.dom.app.homepage.HomePageService" NOT found at /domainapp/dom/app/package.jdo
12:01:52,034 (main) DEBUG [DataNucleus.MetaData] - MetaData of type "jdo" for class "domainapp.dom.app.homepage.HomePageService" NOT found at /domainapp/dom/app.jdo
12:01:52,034 (main) DEBUG [DataNucleus.MetaData] - MetaData of type "jdo" for class "domainapp.dom.app.homepage.HomePageService" NOT found at /domainapp/dom/app/homepage/package.jdo
12:01:52,034 (main) DEBUG [DataNucleus.MetaData] - MetaData of type "jdo" for class "domainapp.dom.app.homepage.HomePageService" NOT found at /domainapp/dom/app/homepage.jdo
12:01:52,035 (main) DEBUG [DataNucleus.MetaData] - MetaData of type "jdo" for class "domainapp.dom.app.homepage.HomePageService" NOT found at /domainapp/dom/app/homepage/HomePageService.jdo
12:01:52,035 (main) DEBUG [DataNucleus.MetaData] - MetaData of type "jdo" for class "domainapp.dom.app.homepage.HomePageService" not found
12:01:52,035 (main) DEBUG [DataNucleus.MetaData] - Class "domainapp.dom.app.homepage.HomePageService" has annotations but there is no registered AnnotationReader. Please check your CLASSPATH and the annotations in the class for validity.
12:01:52,035 (main) DEBUG [DataNucleus.MetaData] - Registering class "domainapp.dom.app.homepage.HomePageService" as not having MetaData.
12:01:52,035 (main) DEBUG [DataNucleus.MetaData] - Class "domainapp.dom.app.homepage.HomePageService" has no MetaData or annotations.
12:01:52,036 (main) DEBUG [DataNucleus.MetaData] - Class "domainapp.dom.app.homepage.HomePageViewModel" has annotations but there is no registered AnnotationReader. Please check your CLASSPATH and the annotations in the class for validity.
12:01:52,037 (main) DEBUG [DataNucleus.MetaData] - MetaData of type "jdo" for class "domainapp.dom.app.homepage.HomePageViewModel" NOT found at /META-INF/package.jdo
12:01:52,037 (main) DEBUG [DataNucleus.MetaData] - MetaData of type "jdo" for class "domainapp.dom.app.homepage.HomePageViewModel" NOT found at /WEB-INF/package.jdo
12:01:52,037 (main) DEBUG [DataNucleus.MetaData] - MetaData of type "jdo" for class "domainapp.dom.app.homepage.HomePageViewModel" NOT found at /package.jdo
12:01:52,037 (main) DEBUG [DataNucleus.MetaData] - MetaData of type "jdo" for class "domainapp.dom.app.homepage.HomePageViewModel" NOT found at /domainapp/package.jdo
12:01:52,037 (main) DEBUG [DataNucleus.MetaData] - MetaData of type "jdo" for class "domainapp.dom.app.homepage.HomePageViewModel" NOT found at /domainapp.jdo
12:01:52,037 (main) DEBUG [DataNucleus.MetaData] - MetaData of type "jdo" for class "domainapp.dom.app.homepage.HomePageViewModel" NOT found at /domainapp/dom/package.jdo
12:01:52,037 (main) DEBUG [DataNucleus.MetaData] - MetaData of type "jdo" for class "domainapp.dom.app.homepage.HomePageViewModel" NOT found at /domainapp/dom.jdo
12:01:52,037 (main) DEBUG [DataNucleus.MetaData] - MetaData of type "jdo" for class "domainapp.dom.app.homepage.HomePageViewModel" NOT found at /domainapp/dom/app/package.jdo
12:01:52,038 (main) DEBUG [DataNucleus.MetaData] - MetaData of type "jdo" for class "domainapp.dom.app.homepage.HomePageViewModel" NOT found at /domainapp/dom/app.jdo
12:01:52,038 (main) DEBUG [DataNucleus.MetaData] - MetaData of type "jdo" for class "domainapp.dom.app.homepage.HomePageViewModel" NOT found at /domainapp/dom/app/homepage/package.jdo
12:01:52,038 (main) DEBUG [DataNucleus.MetaData] - MetaData of type "jdo" for class "domainapp.dom.app.homepage.HomePageViewModel" NOT found at /domainapp/dom/app/homepage.jdo
12:01:52,038 (main) DEBUG [DataNucleus.MetaData] - MetaData of type "jdo" for class "domainapp.dom.app.homepage.HomePageViewModel" NOT found at /domainapp/dom/app/homepage/HomePageViewModel.jdo
12:01:52,038 (main) DEBUG [DataNucleus.MetaData] - MetaData of type "jdo" for class "domainapp.dom.app.homepage.HomePageViewModel" not found
12:01:52,038 (main) DEBUG [DataNucleus.MetaData] - Class "domainapp.dom.app.homepage.HomePageViewModel" has annotations but there is no registered AnnotationReader. Please check your CLASSPATH and the annotations in the class for validity.
12:01:52,038 (main) DEBUG [DataNucleus.MetaData] - Registering class "domainapp.dom.app.homepage.HomePageViewModel" as not having MetaData.
12:01:52,038 (main) DEBUG [DataNucleus.MetaData] - Class "domainapp.dom.app.homepage.HomePageViewModel" has no MetaData or annotations.
12:01:52,094 (main) DEBUG [DataNucleus.MetaData] - Class "domainapp.dom.modules.simple.SimpleObject" has been specified with JDO annotations so using those.
12:01:52,110 (main) DEBUG [DataNucleus.MetaData] - MetaData of type "jdo" for class "domainapp.dom.modules.simple.QSimpleObject" NOT found at /META-INF/package.jdo
12:01:52,111 (main) DEBUG [DataNucleus.MetaData] - MetaData of type "jdo" for class "domainapp.dom.modules.simple.QSimpleObject" NOT found at /WEB-INF/package.jdo
12:01:52,111 (main) DEBUG [DataNucleus.MetaData] - MetaData of type "jdo" for class "domainapp.dom.modules.simple.QSimpleObject" NOT found at /package.jdo
12:01:52,111 (main) DEBUG [DataNucleus.MetaData] - MetaData of type "jdo" for class "domainapp.dom.modules.simple.QSimpleObject" NOT found at /domainapp/package.jdo
12:01:52,111 (main) DEBUG [DataNucleus.MetaData] - MetaData of type "jdo" for class "domainapp.dom.modules.simple.QSimpleObject" NOT found at /domainapp.jdo
12:01:52,111 (main) DEBUG [DataNucleus.MetaData] - MetaData of type "jdo" for class "domainapp.dom.modules.simple.QSimpleObject" NOT found at /domainapp/dom/package.jdo
12:01:52,111 (main) DEBUG [DataNucleus.MetaData] - MetaData of type "jdo" for class "domainapp.dom.modules.simple.QSimpleObject" NOT found at /domainapp/dom.jdo
12:01:52,111 (main) DEBUG [DataNucleus.MetaData] - MetaData of type "jdo" for class "domainapp.dom.modules.simple.QSimpleObject" NOT found at /domainapp/dom/modules/package.jdo
12:01:52,111 (main) DEBUG [DataNucleus.MetaData] - MetaData of type "jdo" for class "domainapp.dom.modules.simple.QSimpleObject" NOT found at /domainapp/dom/modules.jdo
12:01:52,111 (main) DEBUG [DataNucleus.MetaData] - MetaData of type "jdo" for class "domainapp.dom.modules.simple.QSimpleObject" NOT found at /domainapp/dom/modules/simple/package.jdo
12:01:52,111 (main) DEBUG [DataNucleus.MetaData] - MetaData of type "jdo" for class "domainapp.dom.modules.simple.QSimpleObject" NOT found at /domainapp/dom/modules/simple.jdo
12:01:52,111 (main) DEBUG [DataNucleus.MetaData] - MetaData of type "jdo" for class "domainapp.dom.modules.simple.QSimpleObject" NOT found at /domainapp/dom/modules/simple/QSimpleObject.jdo
12:01:52,111 (main) DEBUG [DataNucleus.MetaData] - MetaData of type "jdo" for class "domainapp.dom.modules.simple.QSimpleObject" not found
12:01:52,111 (main) DEBUG [DataNucleus.MetaData] - Registering class "domainapp.dom.modules.simple.QSimpleObject" as not having MetaData.
12:01:52,111 (main) DEBUG [DataNucleus.MetaData] - Class "domainapp.dom.modules.simple.QSimpleObject" has no MetaData or annotations.
12:01:52,112 (main) DEBUG [DataNucleus.MetaData] - MetaData of type "jdo" for class "domainapp.dom.modules.simple.SimpleObject$UpdateNameDomainEvent" NOT found at /META-INF/package.jdo
12:01:52,112 (main) DEBUG [DataNucleus.MetaData] - MetaData of type "jdo" for class "domainapp.dom.modules.simple.SimpleObject$UpdateNameDomainEvent" NOT found at /WEB-INF/package.jdo
12:01:52,112 (main) DEBUG [DataNucleus.MetaData] - MetaData of type "jdo" for class "domainapp.dom.modules.simple.SimpleObject$UpdateNameDomainEvent" NOT found at /package.jdo
12:01:52,112 (main) DEBUG [DataNucleus.MetaData] - MetaData of type "jdo" for class "domainapp.dom.modules.simple.SimpleObject$UpdateNameDomainEvent" NOT found at /domainapp/package.jdo
12:01:52,112 (main) DEBUG [DataNucleus.MetaData] - MetaData of type "jdo" for class "domainapp.dom.modules.simple.SimpleObject$UpdateNameDomainEvent" NOT found at /domainapp.jdo
12:01:52,112 (main) DEBUG [DataNucleus.MetaData] - MetaData of type "jdo" for class "domainapp.dom.modules.simple.SimpleObject$UpdateNameDomainEvent" NOT found at /domainapp/dom/package.jdo
12:01:52,113 (main) DEBUG [DataNucleus.MetaData] - MetaData of type "jdo" for class "domainapp.dom.modules.simple.SimpleObject$UpdateNameDomainEvent" NOT found at /domainapp/dom.jdo
12:01:52,113 (main) DEBUG [DataNucleus.MetaData] - MetaData of type "jdo" for class "domainapp.dom.modules.simple.SimpleObject$UpdateNameDomainEvent" NOT found at /domainapp/dom/modules/package.jdo
12:01:52,113 (main) DEBUG [DataNucleus.MetaData] - MetaData of type "jdo" for class "domainapp.dom.modules.simple.SimpleObject$UpdateNameDomainEvent" NOT found at /domainapp/dom/modules.jdo
12:01:52,113 (main) DEBUG [DataNucleus.MetaData] - MetaData of type "jdo" for class "domainapp.dom.modules.simple.SimpleObject$UpdateNameDomainEvent" NOT found at /domainapp/dom/modules/simple/package.jdo
12:01:52,113 (main) DEBUG [DataNucleus.MetaData] - MetaData of type "jdo" for class "domainapp.dom.modules.simple.SimpleObject$UpdateNameDomainEvent" NOT found at /domainapp/dom/modules/simple.jdo
12:01:52,113 (main) DEBUG [DataNucleus.MetaData] - MetaData of type "jdo" for class "domainapp.dom.modules.simple.SimpleObject$UpdateNameDomainEvent" NOT found at /domainapp/dom/modules/simple/SimpleObject$UpdateNameDomainEvent.jdo
12:01:52,113 (main) DEBUG [DataNucleus.MetaData] - MetaData of type "jdo" for class "domainapp.dom.modules.simple.SimpleObject$UpdateNameDomainEvent" not found
12:01:52,113 (main) DEBUG [DataNucleus.MetaData] - Registering class "domainapp.dom.modules.simple.SimpleObject$UpdateNameDomainEvent" as not having MetaData.
12:01:52,113 (main) DEBUG [DataNucleus.MetaData] - Class "domainapp.dom.modules.simple.SimpleObject$UpdateNameDomainEvent" has no MetaData or annotations.
12:01:52,114 (main) DEBUG [DataNucleus.MetaData] - MetaData of type "jdo" for class "domainapp.dom.modules.simple.SimpleObjects$CreateDomainEvent" NOT found at /META-INF/package.jdo
12:01:52,114 (main) DEBUG [DataNucleus.MetaData] - MetaData of type "jdo" for class "domainapp.dom.modules.simple.SimpleObjects$CreateDomainEvent" NOT found at /WEB-INF/package.jdo
12:01:52,114 (main) DEBUG [DataNucleus.MetaData] - MetaData of type "jdo" for class "domainapp.dom.modules.simple.SimpleObjects$CreateDomainEvent" NOT found at /package.jdo
12:01:52,114 (main) DEBUG [DataNucleus.MetaData] - MetaData of type "jdo" for class "domainapp.dom.modules.simple.SimpleObjects$CreateDomainEvent" NOT found at /domainapp/package.jdo
12:01:52,114 (main) DEBUG [DataNucleus.MetaData] - MetaData of type "jdo" for class "domainapp.dom.modules.simple.SimpleObjects$CreateDomainEvent" NOT found at /domainapp.jdo
12:01:52,114 (main) DEBUG [DataNucleus.MetaData] - MetaData of type "jdo" for class "domainapp.dom.modules.simple.SimpleObjects$CreateDomainEvent" NOT found at /domainapp/dom/package.jdo
12:01:52,114 (main) DEBUG [DataNucleus.MetaData] - MetaData of type "jdo" for class "domainapp.dom.modules.simple.SimpleObjects$CreateDomainEvent" NOT found at /domainapp/dom.jdo
12:01:52,114 (main) DEBUG [DataNucleus.MetaData] - MetaData of type "jdo" for class "domainapp.dom.modules.simple.SimpleObjects$CreateDomainEvent" NOT found at /domainapp/dom/modules/package.jdo
12:01:52,114 (main) DEBUG [DataNucleus.MetaData] - MetaData of type "jdo" for class "domainapp.dom.modules.simple.SimpleObjects$CreateDomainEvent" NOT found at /domainapp/dom/modules.jdo
12:01:52,115 (main) DEBUG [DataNucleus.MetaData] - MetaData of type "jdo" for class "domainapp.dom.modules.simple.SimpleObjects$CreateDomainEvent" NOT found at /domainapp/dom/modules/simple/package.jdo
12:01:52,115 (main) DEBUG [DataNucleus.MetaData] - MetaData of type "jdo" for class "domainapp.dom.modules.simple.SimpleObjects$CreateDomainEvent" NOT found at /domainapp/dom/modules/simple.jdo
12:01:52,115 (main) DEBUG [DataNucleus.MetaData] - MetaData of type "jdo" for class "domainapp.dom.modules.simple.SimpleObjects$CreateDomainEvent" NOT found at /domainapp/dom/modules/simple/SimpleObjects$CreateDomainEvent.jdo
12:01:52,115 (main) DEBUG [DataNucleus.MetaData] - MetaData of type "jdo" for class "domainapp.dom.modules.simple.SimpleObjects$CreateDomainEvent" not found
12:01:52,115 (main) DEBUG [DataNucleus.MetaData] - Registering class "domainapp.dom.modules.simple.SimpleObjects$CreateDomainEvent" as not having MetaData.
12:01:52,115 (main) DEBUG [DataNucleus.MetaData] - Class "domainapp.dom.modules.simple.SimpleObjects$CreateDomainEvent" has no MetaData or annotations.
12:01:52,117 (main) DEBUG [DataNucleus.MetaData] - Class "domainapp.dom.modules.simple.SimpleObjects" has annotations but there is no registered AnnotationReader. Please check your CLASSPATH and the annotations in the class for validity.
12:01:52,117 (main) DEBUG [DataNucleus.MetaData] - MetaData of type "jdo" for class "domainapp.dom.modules.simple.SimpleObjects" NOT found at /META-INF/package.jdo
12:01:52,117 (main) DEBUG [DataNucleus.MetaData] - MetaData of type "jdo" for class "domainapp.dom.modules.simple.SimpleObjects" NOT found at /WEB-INF/package.jdo
12:01:52,117 (main) DEBUG [DataNucleus.MetaData] - MetaData of type "jdo" for class "domainapp.dom.modules.simple.SimpleObjects" NOT found at /package.jdo
12:01:52,117 (main) DEBUG [DataNucleus.MetaData] - MetaData of type "jdo" for class "domainapp.dom.modules.simple.SimpleObjects" NOT found at /domainapp/package.jdo
12:01:52,117 (main) DEBUG [DataNucleus.MetaData] - MetaData of type "jdo" for class "domainapp.dom.modules.simple.SimpleObjects" NOT found at /domainapp.jdo
12:01:52,117 (main) DEBUG [DataNucleus.MetaData] - MetaData of type "jdo" for class "domainapp.dom.modules.simple.SimpleObjects" NOT found at /domainapp/dom/package.jdo
12:01:52,118 (main) DEBUG [DataNucleus.MetaData] - MetaData of type "jdo" for class "domainapp.dom.modules.simple.SimpleObjects" NOT found at /domainapp/dom.jdo
12:01:52,118 (main) DEBUG [DataNucleus.MetaData] - MetaData of type "jdo" for class "domainapp.dom.modules.simple.SimpleObjects" NOT found at /domainapp/dom/modules/package.jdo
12:01:52,118 (main) DEBUG [DataNucleus.MetaData] - MetaData of type "jdo" for class "domainapp.dom.modules.simple.SimpleObjects" NOT found at /domainapp/dom/modules.jdo
12:01:52,118 (main) DEBUG [DataNucleus.MetaData] - MetaData of type "jdo" for class "domainapp.dom.modules.simple.SimpleObjects" NOT found at /domainapp/dom/modules/simple/package.jdo
12:01:52,118 (main) DEBUG [DataNucleus.MetaData] - MetaData of type "jdo" for class "domainapp.dom.modules.simple.SimpleObjects" NOT found at /domainapp/dom/modules/simple.jdo
12:01:52,118 (main) DEBUG [DataNucleus.MetaData] - MetaData of type "jdo" for class "domainapp.dom.modules.simple.SimpleObjects" NOT found at /domainapp/dom/modules/simple/SimpleObjects.jdo
12:01:52,118 (main) DEBUG [DataNucleus.MetaData] - MetaData of type "jdo" for class "domainapp.dom.modules.simple.SimpleObjects" not found
12:01:52,118 (main) DEBUG [DataNucleus.MetaData] - Class "domainapp.dom.modules.simple.SimpleObjects" has annotations but there is no registered AnnotationReader. Please check your CLASSPATH and the annotations in the class for validity.
12:01:52,118 (main) DEBUG [DataNucleus.MetaData] - Registering class "domainapp.dom.modules.simple.SimpleObjects" as not having MetaData.
12:01:52,118 (main) DEBUG [DataNucleus.MetaData] - Class "domainapp.dom.modules.simple.SimpleObjects" has no MetaData or annotations.
12:01:52,118 (main) DEBUG [DataNucleus.MetaData] - Populating all MetaData ...
12:01:52,119 (main) DEBUG [DataNucleus.MetaData] - Class "domainapp.dom.modules.simple.SimpleObject" : Populating Meta-Data
12:01:52,120 (main) DEBUG [DataNucleus.MetaData] - Class "domainapp.dom.modules.simple.SimpleObject" field "container" : Adding Meta-Data for field since it didnt appear in the Meta-Data definition.
12:01:52,121 (main) DEBUG [DataNucleus.MetaData] - MetaData of type "jdo" for class "org.apache.isis.applib.DomainObjectContainer" NOT found at /META-INF/package.jdo
12:01:52,121 (main) DEBUG [DataNucleus.MetaData] - MetaData of type "jdo" for class "org.apache.isis.applib.DomainObjectContainer" NOT found at /WEB-INF/package.jdo
12:01:52,121 (main) DEBUG [DataNucleus.MetaData] - MetaData of type "jdo" for class "org.apache.isis.applib.DomainObjectContainer" NOT found at /package.jdo
12:01:52,121 (main) DEBUG [DataNucleus.MetaData] - MetaData of type "jdo" for class "org.apache.isis.applib.DomainObjectContainer" NOT found at /org/package.jdo
12:01:52,121 (main) DEBUG [DataNucleus.MetaData] - MetaData of type "jdo" for class "org.apache.isis.applib.DomainObjectContainer" NOT found at /org.jdo
12:01:52,121 (main) DEBUG [DataNucleus.MetaData] - MetaData of type "jdo" for class "org.apache.isis.applib.DomainObjectContainer" NOT found at /org/apache/package.jdo
12:01:52,121 (main) DEBUG [DataNucleus.MetaData] - MetaData of type "jdo" for class "org.apache.isis.applib.DomainObjectContainer" NOT found at /org/apache.jdo
12:01:52,121 (main) DEBUG [DataNucleus.MetaData] - MetaData of type "jdo" for class "org.apache.isis.applib.DomainObjectContainer" NOT found at /org/apache/isis/package.jdo
12:01:52,122 (main) DEBUG [DataNucleus.MetaData] - MetaData of type "jdo" for class "org.apache.isis.applib.DomainObjectContainer" NOT found at /org/apache/isis.jdo
12:01:52,122 (main) DEBUG [DataNucleus.MetaData] - MetaData of type "jdo" for class "org.apache.isis.applib.DomainObjectContainer" NOT found at /org/apache/isis/applib/package.jdo
12:01:52,122 (main) DEBUG [DataNucleus.MetaData] - MetaData of type "jdo" for class "org.apache.isis.applib.DomainObjectContainer" NOT found at /org/apache/isis/applib.jdo
12:01:52,122 (main) DEBUG [DataNucleus.MetaData] - MetaData of type "jdo" for class "org.apache.isis.applib.DomainObjectContainer" NOT found at /org/apache/isis/applib/DomainObjectContainer.jdo
12:01:52,122 (main) DEBUG [DataNucleus.MetaData] - MetaData of type "jdo" for class "org.apache.isis.applib.DomainObjectContainer" not found
12:01:52,122 (main) DEBUG [DataNucleus.MetaData] - Registering class "org.apache.isis.applib.DomainObjectContainer" as not having MetaData.
12:01:52,122 (main) DEBUG [DataNucleus.MetaData] - Initialising all MetaData ...
12:01:52,123 (main) DEBUG [DataNucleus.MetaData] - Class "domainapp.dom.modules.simple.SimpleObject" : Initialising Meta-Data
12:01:52,123 (main) DEBUG [DataNucleus.MetaData] - MetaData Management : Load of Metadata complete
12:01:52,125 (main) DEBUG [DataNucleus.Enhancer] - Enhance of class "domainapp.dom.modules.simple.SimpleObject" starting ...
12:01:52,141 (main) DEBUG [DataNucleus.Enhancer] - Class "domainapp.dom.modules.simple.SimpleObject" doesnt implement the interface "org.datanucleus.enhancement.Persistable" but is required
12:01:52,142 (main) DEBUG [DataNucleus.Enhancer] - Class "domainapp.dom.modules.simple.SimpleObject" doesnt have field "dnStateManager" but is required
12:01:52,142 (main) DEBUG [DataNucleus.Enhancer] - Class "domainapp.dom.modules.simple.SimpleObject" doesnt have field "dnInheritedFieldCount" but is required
12:01:52,142 (main) DEBUG [DataNucleus.Enhancer] - Class "domainapp.dom.modules.simple.SimpleObject" doesnt have field "dnFlags" but is required
12:01:52,142 (main) DEBUG [DataNucleus.Enhancer] - Class "domainapp.dom.modules.simple.SimpleObject" doesnt have field "dnFieldTypes" but is required
12:01:52,142 (main) DEBUG [DataNucleus.Enhancer] - Class "domainapp.dom.modules.simple.SimpleObject" doesnt have field "dnFieldNames" but is required
12:01:52,142 (main) DEBUG [DataNucleus.Enhancer] - Class "domainapp.dom.modules.simple.SimpleObject" doesnt have field "dnFieldFlags" but is required
12:01:52,142 (main) DEBUG [DataNucleus.Enhancer] - Class "domainapp.dom.modules.simple.SimpleObject" doesnt have field "dnPersistableSuperclass" but is required
12:01:52,142 (main) DEBUG [DataNucleus.Enhancer] - Class "domainapp.dom.modules.simple.SimpleObject" doesnt have method "dnReplaceField" but is required
12:01:52,142 (main) DEBUG [DataNucleus.Enhancer] - Class "domainapp.dom.modules.simple.SimpleObject" doesnt have method "dnIsTransactional" but is required
12:01:52,142 (main) DEBUG [DataNucleus.Enhancer] - Class "domainapp.dom.modules.simple.SimpleObject" doesnt have method "dnNewInstance" but is required
12:01:52,142 (main) DEBUG [DataNucleus.Enhancer] - Class "domainapp.dom.modules.simple.SimpleObject" doesnt have method "dnNewInstance" but is required
12:01:52,142 (main) DEBUG [DataNucleus.Enhancer] - Class "domainapp.dom.modules.simple.SimpleObject" doesnt have method "dnSuperClone" but is required
12:01:52,142 (main) DEBUG [DataNucleus.Enhancer] - Class "domainapp.dom.modules.simple.SimpleObject" doesnt have method "dnProvideFields" but is required
12:01:52,142 (main) DEBUG [DataNucleus.Enhancer] - Class "domainapp.dom.modules.simple.SimpleObject" doesnt have method "___dn$loadClass" but is required
12:01:52,142 (main) DEBUG [DataNucleus.Enhancer] - Class "domainapp.dom.modules.simple.SimpleObject" doesnt have method "dnGetManagedFieldCount" but is required
12:01:52,142 (main) DEBUG [DataNucleus.Enhancer] - Class "domainapp.dom.modules.simple.SimpleObject" doesnt have method "dnIsDirty" but is required
12:01:52,142 (main) DEBUG [DataNucleus.Enhancer] - Class "domainapp.dom.modules.simple.SimpleObject" doesnt have method "dnReplaceStateManager" but is required
12:01:52,142 (main) DEBUG [DataNucleus.Enhancer] - Class "domainapp.dom.modules.simple.SimpleObject" doesnt have method "dnReplaceFlags" but is required
12:01:52,142 (main) DEBUG [DataNucleus.Enhancer] - Class "domainapp.dom.modules.simple.SimpleObject" doesnt have method "dnIsDetached" but is required
12:01:52,142 (main) DEBUG [DataNucleus.Enhancer] - Class "domainapp.dom.modules.simple.SimpleObject" doesnt have method "dnMakeDirty" but is required
12:01:52,142 (main) DEBUG [DataNucleus.Enhancer] - Class "domainapp.dom.modules.simple.SimpleObject" doesnt have method "__dnPersistableSuperclassInit" but is required
12:01:52,142 (main) DEBUG [DataNucleus.Enhancer] - Class "domainapp.dom.modules.simple.SimpleObject" doesnt have method "dnIsDeleted" but is required
12:01:52,142 (main) DEBUG [DataNucleus.Enhancer] - Class "domainapp.dom.modules.simple.SimpleObject" doesnt have method "__dnFieldFlagsInit" but is required
12:01:52,142 (main) DEBUG [DataNucleus.Enhancer] - Class "domainapp.dom.modules.simple.SimpleObject" doesnt have method "__dnFieldTypesInit" but is required
12:01:52,142 (main) DEBUG [DataNucleus.Enhancer] - Class "domainapp.dom.modules.simple.SimpleObject" doesnt have method "dnProvideField" but is required
12:01:52,142 (main) DEBUG [DataNucleus.Enhancer] - Class "domainapp.dom.modules.simple.SimpleObject" doesnt have method "dnPreSerialize" but is required
12:01:52,142 (main) DEBUG [DataNucleus.Enhancer] - Class "domainapp.dom.modules.simple.SimpleObject" doesnt have method "dnGetObjectId" but is required
12:01:52,142 (main) DEBUG [DataNucleus.Enhancer] - Class "domainapp.dom.modules.simple.SimpleObject" doesnt have method "dnGetVersion" but is required
12:01:52,142 (main) DEBUG [DataNucleus.Enhancer] - Class "domainapp.dom.modules.simple.SimpleObject" doesnt have method "dnGetTransactionalObjectId" but is required
12:01:52,142 (main) DEBUG [DataNucleus.Enhancer] - Class "domainapp.dom.modules.simple.SimpleObject" doesnt have method "dnIsNew" but is required
12:01:52,142 (main) DEBUG [DataNucleus.Enhancer] - Class "domainapp.dom.modules.simple.SimpleObject" doesnt have method "dnCopyKeyFieldsToObjectId" but is required
12:01:52,142 (main) DEBUG [DataNucleus.Enhancer] - Class "domainapp.dom.modules.simple.SimpleObject" doesnt have method "dnCopyKeyFieldsToObjectId" but is required
12:01:52,143 (main) DEBUG [DataNucleus.Enhancer] - Class "domainapp.dom.modules.simple.SimpleObject" doesnt have method "dnCopyField" but is required
12:01:52,143 (main) DEBUG [DataNucleus.Enhancer] - Class "domainapp.dom.modules.simple.SimpleObject" doesnt have method "dnCopyKeyFieldsFromObjectId" but is required
12:01:52,143 (main) DEBUG [DataNucleus.Enhancer] - Class "domainapp.dom.modules.simple.SimpleObject" doesnt have method "dnCopyKeyFieldsFromObjectId" but is required
12:01:52,143 (main) DEBUG [DataNucleus.Enhancer] - Class "domainapp.dom.modules.simple.SimpleObject" doesnt have method "dnGetExecutionContext" but is required
12:01:52,143 (main) DEBUG [DataNucleus.Enhancer] - Class "domainapp.dom.modules.simple.SimpleObject" doesnt have method "dnCopyFields" but is required
12:01:52,143 (main) DEBUG [DataNucleus.Enhancer] - Class "domainapp.dom.modules.simple.SimpleObject" doesnt have method "__dnGetInheritedFieldCount" but is required
12:01:52,143 (main) DEBUG [DataNucleus.Enhancer] - Class "domainapp.dom.modules.simple.SimpleObject" doesnt have method "dnNewObjectIdInstance" but is required
12:01:52,143 (main) DEBUG [DataNucleus.Enhancer] - Class "domainapp.dom.modules.simple.SimpleObject" doesnt have method "dnNewObjectIdInstance" but is required
12:01:52,143 (main) DEBUG [DataNucleus.Enhancer] - Class "domainapp.dom.modules.simple.SimpleObject" doesnt have method "dnIsPersistent" but is required
12:01:52,143 (main) DEBUG [DataNucleus.Enhancer] - Class "domainapp.dom.modules.simple.SimpleObject" doesnt have method "dnReplaceFields" but is required
12:01:52,143 (main) DEBUG [DataNucleus.Enhancer] - Class "domainapp.dom.modules.simple.SimpleObject" doesnt have method "__dnFieldNamesInit" but is required
12:01:52,150 (main) DEBUG [DataNucleus.Enhancer] - Adding interface: org.datanucleus.enhancement.Persistable
12:01:52,156 (main) DEBUG [DataNucleus.Enhancer] - Adding method "java.lang.String dnGetname()"
12:01:52,157 (main) DEBUG [DataNucleus.Enhancer] - Adding method "void dnSetname(class java.lang.String val)"
12:01:52,158 (main) DEBUG [DataNucleus.Enhancer] - Adding field "org.datanucleus.enhancement.StateManager dnStateManager"
12:01:52,158 (main) DEBUG [DataNucleus.Enhancer] - Adding field "byte dnFlags"
12:01:52,158 (main) DEBUG [DataNucleus.Enhancer] - Adding field "[B dnFieldFlags"
12:01:52,158 (main) DEBUG [DataNucleus.Enhancer] - Adding field "java.lang.Class dnPersistableSuperclass"
12:01:52,158 (main) DEBUG [DataNucleus.Enhancer] - Adding field "[Ljava.lang.Class; dnFieldTypes"
12:01:52,158 (main) DEBUG [DataNucleus.Enhancer] - Adding field "[Ljava.lang.String; dnFieldNames"
12:01:52,158 (main) DEBUG [DataNucleus.Enhancer] - Adding field "int dnInheritedFieldCount"
12:01:52,160 (main) DEBUG [DataNucleus.Enhancer] - Adding method "void <clinit>()"
12:01:52,160 (main) DEBUG [DataNucleus.Enhancer] - Adding method "void dnCopyKeyFieldsFromObjectId(interface org.datanucleus.enhancement.Persistable$ObjectIdFieldConsumer fc, class java.lang.Object oid)"
12:01:52,160 (main) DEBUG [DataNucleus.Enhancer] - Adding method "void dnCopyKeyFieldsFromObjectId(class java.lang.Object oid)"
12:01:52,160 (main) DEBUG [DataNucleus.Enhancer] - Adding method "void dnCopyKeyFieldsToObjectId(class java.lang.Object oid)"
12:01:52,160 (main) DEBUG [DataNucleus.Enhancer] - Adding method "void dnCopyKeyFieldsToObjectId(interface org.datanucleus.enhancement.Persistable$ObjectIdFieldSupplier fs, class java.lang.Object oid)"
12:01:52,161 (main) DEBUG [DataNucleus.Enhancer] - Adding method "java.lang.Object dnGetObjectId()"
12:01:52,161 (main) DEBUG [DataNucleus.Enhancer] - Adding method "java.lang.Object dnGetVersion()"
12:01:52,161 (main) DEBUG [DataNucleus.Enhancer] - Adding method "void dnPreSerialize()"
12:01:52,161 (main) DEBUG [DataNucleus.Enhancer] - Adding method "org.datanucleus.enhancement.ExecutionContextReference dnGetExecutionContext()"
12:01:52,162 (main) DEBUG [DataNucleus.Enhancer] - Adding method "java.lang.Object dnGetTransactionalObjectId()"
12:01:52,162 (main) DEBUG [DataNucleus.Enhancer] - Adding method "boolean dnIsDeleted()"
12:01:52,162 (main) DEBUG [DataNucleus.Enhancer] - Adding method "boolean dnIsDirty()"
12:01:52,163 (main) DEBUG [DataNucleus.Enhancer] - Adding method "boolean dnIsNew()"
12:01:52,163 (main) DEBUG [DataNucleus.Enhancer] - Adding method "boolean dnIsPersistent()"
12:01:52,163 (main) DEBUG [DataNucleus.Enhancer] - Adding method "boolean dnIsTransactional()"
12:01:52,163 (main) DEBUG [DataNucleus.Enhancer] - Adding method "void dnMakeDirty(class java.lang.String fieldName)"
12:01:52,163 (main) DEBUG [DataNucleus.Enhancer] - Adding method "java.lang.Object dnNewObjectIdInstance()"
12:01:52,163 (main) DEBUG [DataNucleus.Enhancer] - Adding method "java.lang.Object dnNewObjectIdInstance(class java.lang.Object key)"
12:01:52,163 (main) DEBUG [DataNucleus.Enhancer] - Adding method "void dnProvideFields(class [I indices)"
12:01:52,164 (main) DEBUG [DataNucleus.Enhancer] - Adding method "void dnReplaceFields(class [I indices)"
12:01:52,164 (main) DEBUG [DataNucleus.Enhancer] - Adding method "void dnReplaceFlags()"
12:01:52,164 (main) DEBUG [DataNucleus.Enhancer] - Adding method "void dnReplaceStateManager(interface org.datanucleus.enhancement.StateManager sm)"
12:01:52,164 (main) DEBUG [DataNucleus.Enhancer] - Adding method "boolean dnIsDetached()"
12:01:52,164 (main) DEBUG [DataNucleus.Enhancer] - Adding method "org.datanucleus.enhancement.Persistable dnNewInstance(interface org.datanucleus.enhancement.StateManager sm)"
12:01:52,165 (main) DEBUG [DataNucleus.Enhancer] - Adding method "org.datanucleus.enhancement.Persistable dnNewInstance(interface org.datanucleus.enhancement.StateManager sm, class java.lang.Object obj)"
12:01:52,165 (main) DEBUG [DataNucleus.Enhancer] - Adding method "void dnReplaceField(int index)"
12:01:52,165 (main) DEBUG [DataNucleus.Enhancer] - Adding method "void dnProvideField(int index)"
12:01:52,166 (main) DEBUG [DataNucleus.Enhancer] - Adding method "void dnCopyField(class domainapp.dom.modules.simple.SimpleObject obj, int index)"
12:01:52,166 (main) DEBUG [DataNucleus.Enhancer] - Adding method "void dnCopyFields(class java.lang.Object obj, class [I indices)"
12:01:52,166 (main) DEBUG [DataNucleus.Enhancer] - Adding method "[Ljava.lang.String; __dnFieldNamesInit()"
12:01:52,166 (main) DEBUG [DataNucleus.Enhancer] - Adding method "[Ljava.lang.Class; __dnFieldTypesInit()"
12:01:52,166 (main) DEBUG [DataNucleus.Enhancer] - Adding method "[B __dnFieldFlagsInit()"
12:01:52,166 (main) DEBUG [DataNucleus.Enhancer] - Adding method "int __dnGetInheritedFieldCount()"
12:01:52,166 (main) DEBUG [DataNucleus.Enhancer] - Adding method "int dnGetManagedFieldCount()"
12:01:52,166 (main) DEBUG [DataNucleus.Enhancer] - Adding method "java.lang.Class __dnPersistableSuperclassInit()"
12:01:52,167 (main) DEBUG [DataNucleus.Enhancer] - Adding method "java.lang.Class ___dn$loadClass(class java.lang.String className)"
12:01:52,167 (main) DEBUG [DataNucleus.Enhancer] - Adding method "java.lang.Object dnSuperClone()"
12:01:52,168 (main) INFO  [DataNucleus.Enhancer] - Writing class file "/opt/data/javatraining/core/design/naked-objects/dom/target/classes/domainapp/dom/modules/simple/SimpleObject.class" with enhanced definition
12:01:52,168 (main) INFO  [DataNucleus.Enhancer] - ENHANCED (Persistable) : domainapp.dom.modules.simple.SimpleObject
12:01:52,168 (main) DEBUG [DataNucleus.Enhancer] - Enhance of class "domainapp.dom.modules.simple.SimpleObject" completed
12:01:52,170 (main) INFO  [DataNucleus.Enhancer] - DataNucleus Enhancer completed with success for 1 classes. Timings : input=111 ms, enhance=45 ms, total=156 ms. Consult the log for full details
12:15:44,059 (main) DEBUG [DataNucleus.General] - Using PluginRegistry org.datanucleus.plugin.NonManagedPluginRegistry
12:15:44,085 (main) DEBUG [DataNucleus.General] - Registering bundle org.sonatype.inject version 2.3.0 at URL file:/root/.m2/repository/org/sonatype/sisu/sisu-inject-bean/2.3.0/sisu-inject-bean-2.3.0.jar.
12:15:44,102 (main) DEBUG [DataNucleus.General] - Loading extension points from plug-in file jar:file:/root/.m2/repository/org/sonatype/sisu/sisu-inject-bean/2.3.0/sisu-inject-bean-2.3.0.jar!/plugin.xml.
12:15:44,103 (main) DEBUG [DataNucleus.General] - Loading extensions from plug-in file jar:file:/root/.m2/repository/org/sonatype/sisu/sisu-inject-bean/2.3.0/sisu-inject-bean-2.3.0.jar!/plugin.xml.
12:15:44,105 (main) DEBUG [DataNucleus.General] - Registering bundle org.datanucleus.jdo.query version 4.0.4 at URL file:/root/.m2/repository/org/datanucleus/datanucleus-jdo-query/4.0.4/datanucleus-jdo-query-4.0.4.jar.
12:15:44,106 (main) DEBUG [DataNucleus.General] - Loading extension points from plug-in file jar:file:/root/.m2/repository/org/datanucleus/datanucleus-jdo-query/4.0.4/datanucleus-jdo-query-4.0.4.jar!/plugin.xml.
12:15:44,106 (main) DEBUG [DataNucleus.General] - Loading extensions from plug-in file jar:file:/root/.m2/repository/org/datanucleus/datanucleus-jdo-query/4.0.4/datanucleus-jdo-query-4.0.4.jar!/plugin.xml.
12:15:44,107 (main) DEBUG [DataNucleus.General] - Registering bundle org.datanucleus version 4.1.2 at URL file:/root/.m2/repository/org/datanucleus/datanucleus-core/4.1.2/datanucleus-core-4.1.2.jar.
12:15:44,127 (main) DEBUG [DataNucleus.General] - Loading extension points from plug-in file jar:file:/root/.m2/repository/org/datanucleus/datanucleus-core/4.1.2/datanucleus-core-4.1.2.jar!/plugin.xml.
12:15:44,147 (main) DEBUG [DataNucleus.General] - Loading extensions from plug-in file jar:file:/root/.m2/repository/org/datanucleus/datanucleus-core/4.1.2/datanucleus-core-4.1.2.jar!/plugin.xml.
12:15:44,153 (main) DEBUG [DataNucleus.General] - Registering bundle org.datanucleus.store.types.jodatime version 4.1.0.release at URL file:/root/.m2/repository/org/datanucleus/datanucleus-jodatime/4.1.0-release/datanucleus-jodatime-4.1.0-release.jar.
12:15:44,155 (main) DEBUG [DataNucleus.General] - Loading extension points from plug-in file jar:file:/root/.m2/repository/org/datanucleus/datanucleus-jodatime/4.1.0-release/datanucleus-jodatime-4.1.0-release.jar!/plugin.xml.
12:15:44,156 (main) DEBUG [DataNucleus.General] - Loading extensions from plug-in file jar:file:/root/.m2/repository/org/datanucleus/datanucleus-jodatime/4.1.0-release/datanucleus-jodatime-4.1.0-release.jar!/plugin.xml.
12:15:44,157 (main) DEBUG [DataNucleus.General] - Registering bundle org.datanucleus.api.jdo version 4.1.0.release at URL file:/root/.m2/repository/org/datanucleus/datanucleus-api-jdo/4.1.0-release/datanucleus-api-jdo-4.1.0-release.jar.
12:15:44,160 (main) DEBUG [DataNucleus.General] - Loading extension points from plug-in file jar:file:/root/.m2/repository/org/datanucleus/datanucleus-api-jdo/4.1.0-release/datanucleus-api-jdo-4.1.0-release.jar!/plugin.xml.
12:15:44,162 (main) DEBUG [DataNucleus.General] - Loading extensions from plug-in file jar:file:/root/.m2/repository/org/datanucleus/datanucleus-api-jdo/4.1.0-release/datanucleus-api-jdo-4.1.0-release.jar!/plugin.xml.
12:15:44,163 (main) WARN  [DataNucleus.General] - Extension Point "org.datanucleus.store.rdbms.java_mapping" not registered, but plugin "org.datanucleus.store.types.jodatime" defined in file:/root/.m2/repository/org/datanucleus/datanucleus-jodatime/4.1.0-release/datanucleus-jodatime-4.1.0-release.jar refers to it.
12:15:44,164 (main) WARN  [DataNucleus.General] - Extension Point "org.datanucleus.store.rdbms.sql_expression" not registered, but plugin "org.datanucleus.store.types.jodatime" defined in file:/root/.m2/repository/org/datanucleus/datanucleus-jodatime/4.1.0-release/datanucleus-jodatime-4.1.0-release.jar refers to it.
12:15:44,164 (main) WARN  [DataNucleus.General] - Extension Point "org.datanucleus.store.rdbms.sql_method" not registered, but plugin "org.datanucleus.store.types.jodatime" defined in file:/root/.m2/repository/org/datanucleus/datanucleus-jodatime/4.1.0-release/datanucleus-jodatime-4.1.0-release.jar refers to it.
12:15:44,193 (main) DEBUG [DataNucleus.Persistence] - Java types support initialising ...
12:15:44,252 (main) DEBUG [DataNucleus.Persistence] - Java types support loaded : supported java types=[B, [C, [D, [F, [I, [J, [Ljava.lang.Boolean;, [Ljava.lang.Byte;, [Ljava.lang.Character;, [Ljava.lang.Double;, [Ljava.lang.Enum;, [Ljava.lang.Float;, [Ljava.lang.Integer;, [Ljava.lang.Long;, [Ljava.lang.Number;, [Ljava.lang.Short;, [Ljava.lang.String;, [Ljava.math.BigDecimal;, [Ljava.math.BigInteger;, [Ljava.util.Date;, [Ljava.util.Locale;, [S, [Z, boolean, byte, char, double, float, int, java.awt.Color, java.awt.image.BufferedImage, java.lang.Boolean, java.lang.Byte, java.lang.Character, java.lang.Class, java.lang.Double, java.lang.Enum, java.lang.Float, java.lang.Integer, java.lang.Long, java.lang.Number, java.lang.Short, java.lang.String, java.lang.StringBuffer, java.lang.StringBuilder, java.math.BigDecimal, java.math.BigInteger, java.net.URI, java.net.URL, java.sql.Date, java.sql.Time, java.sql.Timestamp, java.util.ArrayList, java.util.Arrays$ArrayList, java.util.BitSet, java.util.Calendar, java.util.Collection, java.util.Currency, java.util.Date, java.util.GregorianCalendar, java.util.HashMap, java.util.HashSet, java.util.Hashtable, java.util.LinkedHashMap, java.util.LinkedHashSet, java.util.LinkedList, java.util.List, java.util.Locale, java.util.Map, java.util.PriorityQueue, java.util.Properties, java.util.Queue, java.util.Set, java.util.SortedMap, java.util.SortedSet, java.util.Stack, java.util.TimeZone, java.util.TreeMap, java.util.TreeSet, java.util.UUID, java.util.Vector, long, org.joda.time.DateTime, org.joda.time.Duration, org.joda.time.Interval, org.joda.time.LocalDate, org.joda.time.LocalDateTime, org.joda.time.LocalTime, org.joda.time.Period, short
12:15:44,252 (main) DEBUG [DataNucleus.Persistence] - Type converter support initialising ...
12:15:44,281 (main) DEBUG [DataNucleus.Persistence] - Type converter support loaded
12:15:44,281 (main) DEBUG [DataNucleus.Persistence] - TypeConverter(s) available for byte[] to : java.nio.ByteBuffer
12:15:44,281 (main) DEBUG [DataNucleus.Persistence] - TypeConverter(s) available for char[] to : java.nio.ByteBuffer
12:15:44,282 (main) DEBUG [DataNucleus.Persistence] - TypeConverter(s) available for double[] to : java.nio.ByteBuffer
12:15:44,282 (main) DEBUG [DataNucleus.Persistence] - TypeConverter(s) available for float[] to : java.nio.ByteBuffer
12:15:44,282 (main) DEBUG [DataNucleus.Persistence] - TypeConverter(s) available for int[] to : java.nio.ByteBuffer
12:15:44,282 (main) DEBUG [DataNucleus.Persistence] - TypeConverter(s) available for long[] to : java.nio.ByteBuffer
12:15:44,282 (main) DEBUG [DataNucleus.Persistence] - TypeConverter(s) available for short[] to : java.nio.ByteBuffer
12:15:44,282 (main) DEBUG [DataNucleus.Persistence] - TypeConverter(s) available for boolean[] to : java.nio.ByteBuffer
12:15:44,282 (main) DEBUG [DataNucleus.Persistence] - TypeConverter(s) available for java.awt.Color to : java.lang.String,int[]
12:15:44,282 (main) DEBUG [DataNucleus.Persistence] - TypeConverter(s) available for java.io.Serializable to : java.lang.String,java.nio.ByteBuffer,byte[]
12:15:44,282 (main) DEBUG [DataNucleus.Persistence] - TypeConverter(s) available for java.lang.Boolean to : java.lang.Integer,java.lang.Character
12:15:44,282 (main) DEBUG [DataNucleus.Persistence] - TypeConverter(s) available for java.lang.Character to : java.lang.String
12:15:44,282 (main) DEBUG [DataNucleus.Persistence] - TypeConverter(s) available for java.lang.Class to : java.lang.String
12:15:44,282 (main) DEBUG [DataNucleus.Persistence] - TypeConverter(s) available for java.lang.Integer to : java.lang.String
12:15:44,282 (main) DEBUG [DataNucleus.Persistence] - TypeConverter(s) available for java.lang.Long to : java.lang.String
12:15:44,282 (main) DEBUG [DataNucleus.Persistence] - TypeConverter(s) available for java.lang.StringBuffer to : java.lang.String
12:15:44,282 (main) DEBUG [DataNucleus.Persistence] - TypeConverter(s) available for java.lang.StringBuilder to : java.lang.String
12:15:44,282 (main) DEBUG [DataNucleus.Persistence] - TypeConverter(s) available for java.math.BigDecimal to : java.lang.String,java.lang.Double,java.nio.ByteBuffer
12:15:44,282 (main) DEBUG [DataNucleus.Persistence] - TypeConverter(s) available for java.math.BigInteger to : java.lang.String,java.lang.Long,java.nio.ByteBuffer
12:15:44,282 (main) DEBUG [DataNucleus.Persistence] - TypeConverter(s) available for java.net.URI to : java.lang.String
12:15:44,282 (main) DEBUG [DataNucleus.Persistence] - TypeConverter(s) available for java.net.URL to : java.lang.String
12:15:44,282 (main) DEBUG [DataNucleus.Persistence] - TypeConverter(s) available for java.sql.Date to : java.lang.String,java.lang.Long,java.util.Date
12:15:44,282 (main) DEBUG [DataNucleus.Persistence] - TypeConverter(s) available for java.sql.Time to : java.lang.String,java.lang.Long,java.util.Date
12:15:44,282 (main) DEBUG [DataNucleus.Persistence] - TypeConverter(s) available for java.sql.Timestamp to : java.lang.String,java.lang.Long,java.util.Date
12:15:44,282 (main) DEBUG [DataNucleus.Persistence] - TypeConverter(s) available for java.util.BitSet to : java.lang.String
12:15:44,282 (main) DEBUG [DataNucleus.Persistence] - TypeConverter(s) available for java.util.Calendar to : java.lang.String,[Ljava.lang.Object;,java.sql.Timestamp,java.util.Date
12:15:44,282 (main) DEBUG [DataNucleus.Persistence] - TypeConverter(s) available for java.util.Currency to : java.lang.String
12:15:44,282 (main) DEBUG [DataNucleus.Persistence] - TypeConverter(s) available for java.util.Date to : java.lang.String,java.lang.Long
12:15:44,282 (main) DEBUG [DataNucleus.Persistence] - TypeConverter(s) available for java.util.Locale to : java.lang.String
12:15:44,282 (main) DEBUG [DataNucleus.Persistence] - TypeConverter(s) available for java.util.TimeZone to : java.lang.String
12:15:44,282 (main) DEBUG [DataNucleus.Persistence] - TypeConverter(s) available for java.util.UUID to : java.lang.String
12:15:44,282 (main) DEBUG [DataNucleus.Persistence] - TypeConverter(s) available for org.joda.time.DateTime to : java.lang.String,java.sql.Timestamp
12:15:44,283 (main) DEBUG [DataNucleus.Persistence] - TypeConverter(s) available for org.joda.time.Duration to : java.lang.String,java.lang.Long
12:15:44,283 (main) DEBUG [DataNucleus.Persistence] - TypeConverter(s) available for org.joda.time.Interval to : java.lang.String,[Ljava.sql.Timestamp;
12:15:44,283 (main) DEBUG [DataNucleus.Persistence] - TypeConverter(s) available for org.joda.time.LocalDate to : java.lang.String,java.sql.Date
12:15:44,283 (main) DEBUG [DataNucleus.Persistence] - TypeConverter(s) available for org.joda.time.LocalDateTime to : java.lang.String,java.sql.Timestamp
12:15:44,283 (main) DEBUG [DataNucleus.Persistence] - TypeConverter(s) available for org.joda.time.LocalTime to : java.sql.Time,java.lang.String
12:15:44,283 (main) DEBUG [DataNucleus.Persistence] - TypeConverter(s) available for org.joda.time.Period to : java.lang.String
12:15:44,285 (main) DEBUG [DataNucleus.MetaData] - MetaDataManager : Input=(XML,Annotations), XML-Validation=false, XML-Suffices=(persistence=*.jdo, orm=orm, query=*.jdoquery), JDO-listener=false
12:15:44,285 (main) INFO  [DataNucleus.Enhancer] - DataNucleus Enhancer (version 4.1.2) for API "JDO"
12:15:44,285 (main) DEBUG [DataNucleus.Enhancer] - DataNucleus Enhancer : Classpath
12:15:44,286 (main) DEBUG [DataNucleus.Enhancer] - >>  /opt/data/apache-maven-3.3.9/boot/plexus-classworlds-2.5.2.jar
12:15:44,286 (main) DEBUG [DataNucleus.Enhancer] - Enhancing classes
12:15:44,298 (main) DEBUG [DataNucleus.MetaData] - MetaData Management : Loading Metadata for classes "[domainapp.dom.app.homepage.HomePageService, domainapp.dom.app.homepage.HomePageViewModel, domainapp.dom.modules.simple.SimpleObject, domainapp.dom.modules.simple.QSimpleObject, domainapp.dom.modules.simple.SimpleObject$UpdateNameDomainEvent, domainapp.dom.modules.simple.SimpleObjects$CreateDomainEvent, domainapp.dom.modules.simple.SimpleObjects]" ...
12:15:44,308 (main) DEBUG [DataNucleus.MetaData] - Class "domainapp.dom.app.homepage.HomePageService" has annotations but there is no registered AnnotationReader. Please check your CLASSPATH and the annotations in the class for validity.
12:15:44,309 (main) DEBUG [DataNucleus.MetaData] - MetaData of type "jdo" for class "domainapp.dom.app.homepage.HomePageService" NOT found at /META-INF/package.jdo
12:15:44,309 (main) DEBUG [DataNucleus.MetaData] - MetaData of type "jdo" for class "domainapp.dom.app.homepage.HomePageService" NOT found at /WEB-INF/package.jdo
12:15:44,309 (main) DEBUG [DataNucleus.MetaData] - MetaData of type "jdo" for class "domainapp.dom.app.homepage.HomePageService" NOT found at /package.jdo
12:15:44,309 (main) DEBUG [DataNucleus.MetaData] - MetaData of type "jdo" for class "domainapp.dom.app.homepage.HomePageService" NOT found at /domainapp/package.jdo
12:15:44,310 (main) DEBUG [DataNucleus.MetaData] - MetaData of type "jdo" for class "domainapp.dom.app.homepage.HomePageService" NOT found at /domainapp.jdo
12:15:44,310 (main) DEBUG [DataNucleus.MetaData] - MetaData of type "jdo" for class "domainapp.dom.app.homepage.HomePageService" NOT found at /domainapp/dom/package.jdo
12:15:44,310 (main) DEBUG [DataNucleus.MetaData] - MetaData of type "jdo" for class "domainapp.dom.app.homepage.HomePageService" NOT found at /domainapp/dom.jdo
12:15:44,310 (main) DEBUG [DataNucleus.MetaData] - MetaData of type "jdo" for class "domainapp.dom.app.homepage.HomePageService" NOT found at /domainapp/dom/app/package.jdo
12:15:44,310 (main) DEBUG [DataNucleus.MetaData] - MetaData of type "jdo" for class "domainapp.dom.app.homepage.HomePageService" NOT found at /domainapp/dom/app.jdo
12:15:44,310 (main) DEBUG [DataNucleus.MetaData] - MetaData of type "jdo" for class "domainapp.dom.app.homepage.HomePageService" NOT found at /domainapp/dom/app/homepage/package.jdo
12:15:44,311 (main) DEBUG [DataNucleus.MetaData] - MetaData of type "jdo" for class "domainapp.dom.app.homepage.HomePageService" NOT found at /domainapp/dom/app/homepage.jdo
12:15:44,311 (main) DEBUG [DataNucleus.MetaData] - MetaData of type "jdo" for class "domainapp.dom.app.homepage.HomePageService" NOT found at /domainapp/dom/app/homepage/HomePageService.jdo
12:15:44,311 (main) DEBUG [DataNucleus.MetaData] - MetaData of type "jdo" for class "domainapp.dom.app.homepage.HomePageService" not found
12:15:44,311 (main) DEBUG [DataNucleus.MetaData] - Class "domainapp.dom.app.homepage.HomePageService" has annotations but there is no registered AnnotationReader. Please check your CLASSPATH and the annotations in the class for validity.
12:15:44,311 (main) DEBUG [DataNucleus.MetaData] - Registering class "domainapp.dom.app.homepage.HomePageService" as not having MetaData.
12:15:44,311 (main) DEBUG [DataNucleus.MetaData] - Class "domainapp.dom.app.homepage.HomePageService" has no MetaData or annotations.
12:15:44,312 (main) DEBUG [DataNucleus.MetaData] - Class "domainapp.dom.app.homepage.HomePageViewModel" has annotations but there is no registered AnnotationReader. Please check your CLASSPATH and the annotations in the class for validity.
12:15:44,312 (main) DEBUG [DataNucleus.MetaData] - MetaData of type "jdo" for class "domainapp.dom.app.homepage.HomePageViewModel" NOT found at /META-INF/package.jdo
12:15:44,313 (main) DEBUG [DataNucleus.MetaData] - MetaData of type "jdo" for class "domainapp.dom.app.homepage.HomePageViewModel" NOT found at /WEB-INF/package.jdo
12:15:44,313 (main) DEBUG [DataNucleus.MetaData] - MetaData of type "jdo" for class "domainapp.dom.app.homepage.HomePageViewModel" NOT found at /package.jdo
12:15:44,313 (main) DEBUG [DataNucleus.MetaData] - MetaData of type "jdo" for class "domainapp.dom.app.homepage.HomePageViewModel" NOT found at /domainapp/package.jdo
12:15:44,313 (main) DEBUG [DataNucleus.MetaData] - MetaData of type "jdo" for class "domainapp.dom.app.homepage.HomePageViewModel" NOT found at /domainapp.jdo
12:15:44,313 (main) DEBUG [DataNucleus.MetaData] - MetaData of type "jdo" for class "domainapp.dom.app.homepage.HomePageViewModel" NOT found at /domainapp/dom/package.jdo
12:15:44,313 (main) DEBUG [DataNucleus.MetaData] - MetaData of type "jdo" for class "domainapp.dom.app.homepage.HomePageViewModel" NOT found at /domainapp/dom.jdo
12:15:44,314 (main) DEBUG [DataNucleus.MetaData] - MetaData of type "jdo" for class "domainapp.dom.app.homepage.HomePageViewModel" NOT found at /domainapp/dom/app/package.jdo
12:15:44,314 (main) DEBUG [DataNucleus.MetaData] - MetaData of type "jdo" for class "domainapp.dom.app.homepage.HomePageViewModel" NOT found at /domainapp/dom/app.jdo
12:15:44,314 (main) DEBUG [DataNucleus.MetaData] - MetaData of type "jdo" for class "domainapp.dom.app.homepage.HomePageViewModel" NOT found at /domainapp/dom/app/homepage/package.jdo
12:15:44,314 (main) DEBUG [DataNucleus.MetaData] - MetaData of type "jdo" for class "domainapp.dom.app.homepage.HomePageViewModel" NOT found at /domainapp/dom/app/homepage.jdo
12:15:44,314 (main) DEBUG [DataNucleus.MetaData] - MetaData of type "jdo" for class "domainapp.dom.app.homepage.HomePageViewModel" NOT found at /domainapp/dom/app/homepage/HomePageViewModel.jdo
12:15:44,314 (main) DEBUG [DataNucleus.MetaData] - MetaData of type "jdo" for class "domainapp.dom.app.homepage.HomePageViewModel" not found
12:15:44,314 (main) DEBUG [DataNucleus.MetaData] - Class "domainapp.dom.app.homepage.HomePageViewModel" has annotations but there is no registered AnnotationReader. Please check your CLASSPATH and the annotations in the class for validity.
12:15:44,314 (main) DEBUG [DataNucleus.MetaData] - Registering class "domainapp.dom.app.homepage.HomePageViewModel" as not having MetaData.
12:15:44,314 (main) DEBUG [DataNucleus.MetaData] - Class "domainapp.dom.app.homepage.HomePageViewModel" has no MetaData or annotations.
12:15:44,371 (main) DEBUG [DataNucleus.MetaData] - Class "domainapp.dom.modules.simple.SimpleObject" has been specified with JDO annotations so using those.
12:15:44,388 (main) DEBUG [DataNucleus.MetaData] - MetaData of type "jdo" for class "domainapp.dom.modules.simple.QSimpleObject" NOT found at /META-INF/package.jdo
12:15:44,388 (main) DEBUG [DataNucleus.MetaData] - MetaData of type "jdo" for class "domainapp.dom.modules.simple.QSimpleObject" NOT found at /WEB-INF/package.jdo
12:15:44,389 (main) DEBUG [DataNucleus.MetaData] - MetaData of type "jdo" for class "domainapp.dom.modules.simple.QSimpleObject" NOT found at /package.jdo
12:15:44,389 (main) DEBUG [DataNucleus.MetaData] - MetaData of type "jdo" for class "domainapp.dom.modules.simple.QSimpleObject" NOT found at /domainapp/package.jdo
12:15:44,389 (main) DEBUG [DataNucleus.MetaData] - MetaData of type "jdo" for class "domainapp.dom.modules.simple.QSimpleObject" NOT found at /domainapp.jdo
12:15:44,389 (main) DEBUG [DataNucleus.MetaData] - MetaData of type "jdo" for class "domainapp.dom.modules.simple.QSimpleObject" NOT found at /domainapp/dom/package.jdo
12:15:44,389 (main) DEBUG [DataNucleus.MetaData] - MetaData of type "jdo" for class "domainapp.dom.modules.simple.QSimpleObject" NOT found at /domainapp/dom.jdo
12:15:44,389 (main) DEBUG [DataNucleus.MetaData] - MetaData of type "jdo" for class "domainapp.dom.modules.simple.QSimpleObject" NOT found at /domainapp/dom/modules/package.jdo
12:15:44,389 (main) DEBUG [DataNucleus.MetaData] - MetaData of type "jdo" for class "domainapp.dom.modules.simple.QSimpleObject" NOT found at /domainapp/dom/modules.jdo
12:15:44,389 (main) DEBUG [DataNucleus.MetaData] - MetaData of type "jdo" for class "domainapp.dom.modules.simple.QSimpleObject" NOT found at /domainapp/dom/modules/simple/package.jdo
12:15:44,389 (main) DEBUG [DataNucleus.MetaData] - MetaData of type "jdo" for class "domainapp.dom.modules.simple.QSimpleObject" NOT found at /domainapp/dom/modules/simple.jdo
12:15:44,389 (main) DEBUG [DataNucleus.MetaData] - MetaData of type "jdo" for class "domainapp.dom.modules.simple.QSimpleObject" NOT found at /domainapp/dom/modules/simple/QSimpleObject.jdo
12:15:44,389 (main) DEBUG [DataNucleus.MetaData] - MetaData of type "jdo" for class "domainapp.dom.modules.simple.QSimpleObject" not found
12:15:44,389 (main) DEBUG [DataNucleus.MetaData] - Registering class "domainapp.dom.modules.simple.QSimpleObject" as not having MetaData.
12:15:44,390 (main) DEBUG [DataNucleus.MetaData] - Class "domainapp.dom.modules.simple.QSimpleObject" has no MetaData or annotations.
12:15:44,390 (main) DEBUG [DataNucleus.MetaData] - MetaData of type "jdo" for class "domainapp.dom.modules.simple.SimpleObject$UpdateNameDomainEvent" NOT found at /META-INF/package.jdo
12:15:44,390 (main) DEBUG [DataNucleus.MetaData] - MetaData of type "jdo" for class "domainapp.dom.modules.simple.SimpleObject$UpdateNameDomainEvent" NOT found at /WEB-INF/package.jdo
12:15:44,391 (main) DEBUG [DataNucleus.MetaData] - MetaData of type "jdo" for class "domainapp.dom.modules.simple.SimpleObject$UpdateNameDomainEvent" NOT found at /package.jdo
12:15:44,391 (main) DEBUG [DataNucleus.MetaData] - MetaData of type "jdo" for class "domainapp.dom.modules.simple.SimpleObject$UpdateNameDomainEvent" NOT found at /domainapp/package.jdo
12:15:44,391 (main) DEBUG [DataNucleus.MetaData] - MetaData of type "jdo" for class "domainapp.dom.modules.simple.SimpleObject$UpdateNameDomainEvent" NOT found at /domainapp.jdo
12:15:44,391 (main) DEBUG [DataNucleus.MetaData] - MetaData of type "jdo" for class "domainapp.dom.modules.simple.SimpleObject$UpdateNameDomainEvent" NOT found at /domainapp/dom/package.jdo
12:15:44,391 (main) DEBUG [DataNucleus.MetaData] - MetaData of type "jdo" for class "domainapp.dom.modules.simple.SimpleObject$UpdateNameDomainEvent" NOT found at /domainapp/dom.jdo
12:15:44,391 (main) DEBUG [DataNucleus.MetaData] - MetaData of type "jdo" for class "domainapp.dom.modules.simple.SimpleObject$UpdateNameDomainEvent" NOT found at /domainapp/dom/modules/package.jdo
12:15:44,391 (main) DEBUG [DataNucleus.MetaData] - MetaData of type "jdo" for class "domainapp.dom.modules.simple.SimpleObject$UpdateNameDomainEvent" NOT found at /domainapp/dom/modules.jdo
12:15:44,391 (main) DEBUG [DataNucleus.MetaData] - MetaData of type "jdo" for class "domainapp.dom.modules.simple.SimpleObject$UpdateNameDomainEvent" NOT found at /domainapp/dom/modules/simple/package.jdo
12:15:44,391 (main) DEBUG [DataNucleus.MetaData] - MetaData of type "jdo" for class "domainapp.dom.modules.simple.SimpleObject$UpdateNameDomainEvent" NOT found at /domainapp/dom/modules/simple.jdo
12:15:44,391 (main) DEBUG [DataNucleus.MetaData] - MetaData of type "jdo" for class "domainapp.dom.modules.simple.SimpleObject$UpdateNameDomainEvent" NOT found at /domainapp/dom/modules/simple/SimpleObject$UpdateNameDomainEvent.jdo
12:15:44,391 (main) DEBUG [DataNucleus.MetaData] - MetaData of type "jdo" for class "domainapp.dom.modules.simple.SimpleObject$UpdateNameDomainEvent" not found
12:15:44,392 (main) DEBUG [DataNucleus.MetaData] - Registering class "domainapp.dom.modules.simple.SimpleObject$UpdateNameDomainEvent" as not having MetaData.
12:15:44,392 (main) DEBUG [DataNucleus.MetaData] - Class "domainapp.dom.modules.simple.SimpleObject$UpdateNameDomainEvent" has no MetaData or annotations.
12:15:44,392 (main) DEBUG [DataNucleus.MetaData] - MetaData of type "jdo" for class "domainapp.dom.modules.simple.SimpleObjects$CreateDomainEvent" NOT found at /META-INF/package.jdo
12:15:44,392 (main) DEBUG [DataNucleus.MetaData] - MetaData of type "jdo" for class "domainapp.dom.modules.simple.SimpleObjects$CreateDomainEvent" NOT found at /WEB-INF/package.jdo
12:15:44,392 (main) DEBUG [DataNucleus.MetaData] - MetaData of type "jdo" for class "domainapp.dom.modules.simple.SimpleObjects$CreateDomainEvent" NOT found at /package.jdo
12:15:44,392 (main) DEBUG [DataNucleus.MetaData] - MetaData of type "jdo" for class "domainapp.dom.modules.simple.SimpleObjects$CreateDomainEvent" NOT found at /domainapp/package.jdo
12:15:44,392 (main) DEBUG [DataNucleus.MetaData] - MetaData of type "jdo" for class "domainapp.dom.modules.simple.SimpleObjects$CreateDomainEvent" NOT found at /domainapp.jdo
12:15:44,393 (main) DEBUG [DataNucleus.MetaData] - MetaData of type "jdo" for class "domainapp.dom.modules.simple.SimpleObjects$CreateDomainEvent" NOT found at /domainapp/dom/package.jdo
12:15:44,393 (main) DEBUG [DataNucleus.MetaData] - MetaData of type "jdo" for class "domainapp.dom.modules.simple.SimpleObjects$CreateDomainEvent" NOT found at /domainapp/dom.jdo
12:15:44,393 (main) DEBUG [DataNucleus.MetaData] - MetaData of type "jdo" for class "domainapp.dom.modules.simple.SimpleObjects$CreateDomainEvent" NOT found at /domainapp/dom/modules/package.jdo
12:15:44,393 (main) DEBUG [DataNucleus.MetaData] - MetaData of type "jdo" for class "domainapp.dom.modules.simple.SimpleObjects$CreateDomainEvent" NOT found at /domainapp/dom/modules.jdo
12:15:44,393 (main) DEBUG [DataNucleus.MetaData] - MetaData of type "jdo" for class "domainapp.dom.modules.simple.SimpleObjects$CreateDomainEvent" NOT found at /domainapp/dom/modules/simple/package.jdo
12:15:44,393 (main) DEBUG [DataNucleus.MetaData] - MetaData of type "jdo" for class "domainapp.dom.modules.simple.SimpleObjects$CreateDomainEvent" NOT found at /domainapp/dom/modules/simple.jdo
12:15:44,393 (main) DEBUG [DataNucleus.MetaData] - MetaData of type "jdo" for class "domainapp.dom.modules.simple.SimpleObjects$CreateDomainEvent" NOT found at /domainapp/dom/modules/simple/SimpleObjects$CreateDomainEvent.jdo
12:15:44,393 (main) DEBUG [DataNucleus.MetaData] - MetaData of type "jdo" for class "domainapp.dom.modules.simple.SimpleObjects$CreateDomainEvent" not found
12:15:44,393 (main) DEBUG [DataNucleus.MetaData] - Registering class "domainapp.dom.modules.simple.SimpleObjects$CreateDomainEvent" as not having MetaData.
12:15:44,393 (main) DEBUG [DataNucleus.MetaData] - Class "domainapp.dom.modules.simple.SimpleObjects$CreateDomainEvent" has no MetaData or annotations.
12:15:44,395 (main) DEBUG [DataNucleus.MetaData] - Class "domainapp.dom.modules.simple.SimpleObjects" has annotations but there is no registered AnnotationReader. Please check your CLASSPATH and the annotations in the class for validity.
12:15:44,395 (main) DEBUG [DataNucleus.MetaData] - MetaData of type "jdo" for class "domainapp.dom.modules.simple.SimpleObjects" NOT found at /META-INF/package.jdo
12:15:44,395 (main) DEBUG [DataNucleus.MetaData] - MetaData of type "jdo" for class "domainapp.dom.modules.simple.SimpleObjects" NOT found at /WEB-INF/package.jdo
12:15:44,396 (main) DEBUG [DataNucleus.MetaData] - MetaData of type "jdo" for class "domainapp.dom.modules.simple.SimpleObjects" NOT found at /package.jdo
12:15:44,396 (main) DEBUG [DataNucleus.MetaData] - MetaData of type "jdo" for class "domainapp.dom.modules.simple.SimpleObjects" NOT found at /domainapp/package.jdo
12:15:44,396 (main) DEBUG [DataNucleus.MetaData] - MetaData of type "jdo" for class "domainapp.dom.modules.simple.SimpleObjects" NOT found at /domainapp.jdo
12:15:44,396 (main) DEBUG [DataNucleus.MetaData] - MetaData of type "jdo" for class "domainapp.dom.modules.simple.SimpleObjects" NOT found at /domainapp/dom/package.jdo
12:15:44,396 (main) DEBUG [DataNucleus.MetaData] - MetaData of type "jdo" for class "domainapp.dom.modules.simple.SimpleObjects" NOT found at /domainapp/dom.jdo
12:15:44,396 (main) DEBUG [DataNucleus.MetaData] - MetaData of type "jdo" for class "domainapp.dom.modules.simple.SimpleObjects" NOT found at /domainapp/dom/modules/package.jdo
12:15:44,396 (main) DEBUG [DataNucleus.MetaData] - MetaData of type "jdo" for class "domainapp.dom.modules.simple.SimpleObjects" NOT found at /domainapp/dom/modules.jdo
12:15:44,397 (main) DEBUG [DataNucleus.MetaData] - MetaData of type "jdo" for class "domainapp.dom.modules.simple.SimpleObjects" NOT found at /domainapp/dom/modules/simple/package.jdo
12:15:44,397 (main) DEBUG [DataNucleus.MetaData] - MetaData of type "jdo" for class "domainapp.dom.modules.simple.SimpleObjects" NOT found at /domainapp/dom/modules/simple.jdo
12:15:44,397 (main) DEBUG [DataNucleus.MetaData] - MetaData of type "jdo" for class "domainapp.dom.modules.simple.SimpleObjects" NOT found at /domainapp/dom/modules/simple/SimpleObjects.jdo
12:15:44,397 (main) DEBUG [DataNucleus.MetaData] - MetaData of type "jdo" for class "domainapp.dom.modules.simple.SimpleObjects" not found
12:15:44,397 (main) DEBUG [DataNucleus.MetaData] - Class "domainapp.dom.modules.simple.SimpleObjects" has annotations but there is no registered AnnotationReader. Please check your CLASSPATH and the annotations in the class for validity.
12:15:44,397 (main) DEBUG [DataNucleus.MetaData] - Registering class "domainapp.dom.modules.simple.SimpleObjects" as not having MetaData.
12:15:44,397 (main) DEBUG [DataNucleus.MetaData] - Class "domainapp.dom.modules.simple.SimpleObjects" has no MetaData or annotations.
12:15:44,397 (main) DEBUG [DataNucleus.MetaData] - Populating all MetaData ...
12:15:44,398 (main) DEBUG [DataNucleus.MetaData] - Class "domainapp.dom.modules.simple.SimpleObject" : Populating Meta-Data
12:15:44,398 (main) DEBUG [DataNucleus.MetaData] - Class "domainapp.dom.modules.simple.SimpleObject" field "container" : Adding Meta-Data for field since it didnt appear in the Meta-Data definition.
12:15:44,399 (main) DEBUG [DataNucleus.MetaData] - MetaData of type "jdo" for class "org.apache.isis.applib.DomainObjectContainer" NOT found at /META-INF/package.jdo
12:15:44,399 (main) DEBUG [DataNucleus.MetaData] - MetaData of type "jdo" for class "org.apache.isis.applib.DomainObjectContainer" NOT found at /WEB-INF/package.jdo
12:15:44,400 (main) DEBUG [DataNucleus.MetaData] - MetaData of type "jdo" for class "org.apache.isis.applib.DomainObjectContainer" NOT found at /package.jdo
12:15:44,400 (main) DEBUG [DataNucleus.MetaData] - MetaData of type "jdo" for class "org.apache.isis.applib.DomainObjectContainer" NOT found at /org/package.jdo
12:15:44,400 (main) DEBUG [DataNucleus.MetaData] - MetaData of type "jdo" for class "org.apache.isis.applib.DomainObjectContainer" NOT found at /org.jdo
12:15:44,400 (main) DEBUG [DataNucleus.MetaData] - MetaData of type "jdo" for class "org.apache.isis.applib.DomainObjectContainer" NOT found at /org/apache/package.jdo
12:15:44,400 (main) DEBUG [DataNucleus.MetaData] - MetaData of type "jdo" for class "org.apache.isis.applib.DomainObjectContainer" NOT found at /org/apache.jdo
12:15:44,400 (main) DEBUG [DataNucleus.MetaData] - MetaData of type "jdo" for class "org.apache.isis.applib.DomainObjectContainer" NOT found at /org/apache/isis/package.jdo
12:15:44,400 (main) DEBUG [DataNucleus.MetaData] - MetaData of type "jdo" for class "org.apache.isis.applib.DomainObjectContainer" NOT found at /org/apache/isis.jdo
12:15:44,400 (main) DEBUG [DataNucleus.MetaData] - MetaData of type "jdo" for class "org.apache.isis.applib.DomainObjectContainer" NOT found at /org/apache/isis/applib/package.jdo
12:15:44,400 (main) DEBUG [DataNucleus.MetaData] - MetaData of type "jdo" for class "org.apache.isis.applib.DomainObjectContainer" NOT found at /org/apache/isis/applib.jdo
12:15:44,400 (main) DEBUG [DataNucleus.MetaData] - MetaData of type "jdo" for class "org.apache.isis.applib.DomainObjectContainer" NOT found at /org/apache/isis/applib/DomainObjectContainer.jdo
12:15:44,400 (main) DEBUG [DataNucleus.MetaData] - MetaData of type "jdo" for class "org.apache.isis.applib.DomainObjectContainer" not found
12:15:44,400 (main) DEBUG [DataNucleus.MetaData] - Registering class "org.apache.isis.applib.DomainObjectContainer" as not having MetaData.
12:15:44,401 (main) DEBUG [DataNucleus.MetaData] - Initialising all MetaData ...
12:15:44,402 (main) DEBUG [DataNucleus.MetaData] - Class "domainapp.dom.modules.simple.SimpleObject" : Initialising Meta-Data
12:15:44,402 (main) DEBUG [DataNucleus.MetaData] - MetaData Management : Load of Metadata complete
12:15:45,050 (main) DEBUG [DataNucleus.Enhancer] - Enhance of class "domainapp.dom.modules.simple.SimpleObject" starting ...
12:15:45,077 (main) DEBUG [DataNucleus.Enhancer] - Class "domainapp.dom.modules.simple.SimpleObject" doesnt implement the interface "org.datanucleus.enhancement.Persistable" but is required
12:15:45,080 (main) DEBUG [DataNucleus.Enhancer] - Class "domainapp.dom.modules.simple.SimpleObject" doesnt have field "dnStateManager" but is required
12:15:45,080 (main) DEBUG [DataNucleus.Enhancer] - Class "domainapp.dom.modules.simple.SimpleObject" doesnt have field "dnInheritedFieldCount" but is required
12:15:45,080 (main) DEBUG [DataNucleus.Enhancer] - Class "domainapp.dom.modules.simple.SimpleObject" doesnt have field "dnFlags" but is required
12:15:45,080 (main) DEBUG [DataNucleus.Enhancer] - Class "domainapp.dom.modules.simple.SimpleObject" doesnt have field "dnFieldTypes" but is required
12:15:45,080 (main) DEBUG [DataNucleus.Enhancer] - Class "domainapp.dom.modules.simple.SimpleObject" doesnt have field "dnFieldNames" but is required
12:15:45,080 (main) DEBUG [DataNucleus.Enhancer] - Class "domainapp.dom.modules.simple.SimpleObject" doesnt have field "dnFieldFlags" but is required
12:15:45,080 (main) DEBUG [DataNucleus.Enhancer] - Class "domainapp.dom.modules.simple.SimpleObject" doesnt have field "dnPersistableSuperclass" but is required
12:15:45,080 (main) DEBUG [DataNucleus.Enhancer] - Class "domainapp.dom.modules.simple.SimpleObject" doesnt have method "dnReplaceField" but is required
12:15:45,080 (main) DEBUG [DataNucleus.Enhancer] - Class "domainapp.dom.modules.simple.SimpleObject" doesnt have method "dnIsTransactional" but is required
12:15:45,080 (main) DEBUG [DataNucleus.Enhancer] - Class "domainapp.dom.modules.simple.SimpleObject" doesnt have method "dnNewInstance" but is required
12:15:45,080 (main) DEBUG [DataNucleus.Enhancer] - Class "domainapp.dom.modules.simple.SimpleObject" doesnt have method "dnNewInstance" but is required
12:15:45,080 (main) DEBUG [DataNucleus.Enhancer] - Class "domainapp.dom.modules.simple.SimpleObject" doesnt have method "dnSuperClone" but is required
12:15:45,080 (main) DEBUG [DataNucleus.Enhancer] - Class "domainapp.dom.modules.simple.SimpleObject" doesnt have method "dnProvideFields" but is required
12:15:45,080 (main) DEBUG [DataNucleus.Enhancer] - Class "domainapp.dom.modules.simple.SimpleObject" doesnt have method "___dn$loadClass" but is required
12:15:45,080 (main) DEBUG [DataNucleus.Enhancer] - Class "domainapp.dom.modules.simple.SimpleObject" doesnt have method "dnGetManagedFieldCount" but is required
12:15:45,080 (main) DEBUG [DataNucleus.Enhancer] - Class "domainapp.dom.modules.simple.SimpleObject" doesnt have method "dnIsDirty" but is required
12:15:45,080 (main) DEBUG [DataNucleus.Enhancer] - Class "domainapp.dom.modules.simple.SimpleObject" doesnt have method "dnReplaceStateManager" but is required
12:15:45,080 (main) DEBUG [DataNucleus.Enhancer] - Class "domainapp.dom.modules.simple.SimpleObject" doesnt have method "dnReplaceFlags" but is required
12:15:45,080 (main) DEBUG [DataNucleus.Enhancer] - Class "domainapp.dom.modules.simple.SimpleObject" doesnt have method "dnIsDetached" but is required
12:15:45,080 (main) DEBUG [DataNucleus.Enhancer] - Class "domainapp.dom.modules.simple.SimpleObject" doesnt have method "dnMakeDirty" but is required
12:15:45,080 (main) DEBUG [DataNucleus.Enhancer] - Class "domainapp.dom.modules.simple.SimpleObject" doesnt have method "__dnPersistableSuperclassInit" but is required
12:15:45,080 (main) DEBUG [DataNucleus.Enhancer] - Class "domainapp.dom.modules.simple.SimpleObject" doesnt have method "dnIsDeleted" but is required
12:15:45,080 (main) DEBUG [DataNucleus.Enhancer] - Class "domainapp.dom.modules.simple.SimpleObject" doesnt have method "__dnFieldFlagsInit" but is required
12:15:45,080 (main) DEBUG [DataNucleus.Enhancer] - Class "domainapp.dom.modules.simple.SimpleObject" doesnt have method "__dnFieldTypesInit" but is required
12:15:45,080 (main) DEBUG [DataNucleus.Enhancer] - Class "domainapp.dom.modules.simple.SimpleObject" doesnt have method "dnProvideField" but is required
12:15:45,080 (main) DEBUG [DataNucleus.Enhancer] - Class "domainapp.dom.modules.simple.SimpleObject" doesnt have method "dnPreSerialize" but is required
12:15:45,080 (main) DEBUG [DataNucleus.Enhancer] - Class "domainapp.dom.modules.simple.SimpleObject" doesnt have method "dnGetObjectId" but is required
12:15:45,080 (main) DEBUG [DataNucleus.Enhancer] - Class "domainapp.dom.modules.simple.SimpleObject" doesnt have method "dnGetVersion" but is required
12:15:45,080 (main) DEBUG [DataNucleus.Enhancer] - Class "domainapp.dom.modules.simple.SimpleObject" doesnt have method "dnGetTransactionalObjectId" but is required
12:15:45,080 (main) DEBUG [DataNucleus.Enhancer] - Class "domainapp.dom.modules.simple.SimpleObject" doesnt have method "dnIsNew" but is required
12:15:45,080 (main) DEBUG [DataNucleus.Enhancer] - Class "domainapp.dom.modules.simple.SimpleObject" doesnt have method "dnCopyKeyFieldsToObjectId" but is required
12:15:45,080 (main) DEBUG [DataNucleus.Enhancer] - Class "domainapp.dom.modules.simple.SimpleObject" doesnt have method "dnCopyKeyFieldsToObjectId" but is required
12:15:45,080 (main) DEBUG [DataNucleus.Enhancer] - Class "domainapp.dom.modules.simple.SimpleObject" doesnt have method "dnCopyField" but is required
12:15:45,080 (main) DEBUG [DataNucleus.Enhancer] - Class "domainapp.dom.modules.simple.SimpleObject" doesnt have method "dnCopyKeyFieldsFromObjectId" but is required
12:15:45,081 (main) DEBUG [DataNucleus.Enhancer] - Class "domainapp.dom.modules.simple.SimpleObject" doesnt have method "dnCopyKeyFieldsFromObjectId" but is required
12:15:45,081 (main) DEBUG [DataNucleus.Enhancer] - Class "domainapp.dom.modules.simple.SimpleObject" doesnt have method "dnGetExecutionContext" but is required
12:15:45,081 (main) DEBUG [DataNucleus.Enhancer] - Class "domainapp.dom.modules.simple.SimpleObject" doesnt have method "dnCopyFields" but is required
12:15:45,081 (main) DEBUG [DataNucleus.Enhancer] - Class "domainapp.dom.modules.simple.SimpleObject" doesnt have method "__dnGetInheritedFieldCount" but is required
12:15:45,081 (main) DEBUG [DataNucleus.Enhancer] - Class "domainapp.dom.modules.simple.SimpleObject" doesnt have method "dnNewObjectIdInstance" but is required
12:15:45,081 (main) DEBUG [DataNucleus.Enhancer] - Class "domainapp.dom.modules.simple.SimpleObject" doesnt have method "dnNewObjectIdInstance" but is required
12:15:45,081 (main) DEBUG [DataNucleus.Enhancer] - Class "domainapp.dom.modules.simple.SimpleObject" doesnt have method "dnIsPersistent" but is required
12:15:45,081 (main) DEBUG [DataNucleus.Enhancer] - Class "domainapp.dom.modules.simple.SimpleObject" doesnt have method "dnReplaceFields" but is required
12:15:45,081 (main) DEBUG [DataNucleus.Enhancer] - Class "domainapp.dom.modules.simple.SimpleObject" doesnt have method "__dnFieldNamesInit" but is required
12:15:45,093 (main) DEBUG [DataNucleus.Enhancer] - Adding interface: org.datanucleus.enhancement.Persistable
12:15:45,102 (main) DEBUG [DataNucleus.Enhancer] - Adding method "java.lang.String dnGetname()"
12:15:45,105 (main) DEBUG [DataNucleus.Enhancer] - Adding method "void dnSetname(class java.lang.String val)"
12:15:45,106 (main) DEBUG [DataNucleus.Enhancer] - Adding field "org.datanucleus.enhancement.StateManager dnStateManager"
12:15:45,106 (main) DEBUG [DataNucleus.Enhancer] - Adding field "byte dnFlags"
12:15:45,106 (main) DEBUG [DataNucleus.Enhancer] - Adding field "[B dnFieldFlags"
12:15:45,106 (main) DEBUG [DataNucleus.Enhancer] - Adding field "java.lang.Class dnPersistableSuperclass"
12:15:45,106 (main) DEBUG [DataNucleus.Enhancer] - Adding field "[Ljava.lang.Class; dnFieldTypes"
12:15:45,106 (main) DEBUG [DataNucleus.Enhancer] - Adding field "[Ljava.lang.String; dnFieldNames"
12:15:45,106 (main) DEBUG [DataNucleus.Enhancer] - Adding field "int dnInheritedFieldCount"
12:15:45,107 (main) DEBUG [DataNucleus.Enhancer] - Adding method "void <clinit>()"
12:15:45,108 (main) DEBUG [DataNucleus.Enhancer] - Adding method "void dnCopyKeyFieldsFromObjectId(interface org.datanucleus.enhancement.Persistable$ObjectIdFieldConsumer fc, class java.lang.Object oid)"
12:15:45,108 (main) DEBUG [DataNucleus.Enhancer] - Adding method "void dnCopyKeyFieldsFromObjectId(class java.lang.Object oid)"
12:15:45,108 (main) DEBUG [DataNucleus.Enhancer] - Adding method "void dnCopyKeyFieldsToObjectId(class java.lang.Object oid)"
12:15:45,108 (main) DEBUG [DataNucleus.Enhancer] - Adding method "void dnCopyKeyFieldsToObjectId(interface org.datanucleus.enhancement.Persistable$ObjectIdFieldSupplier fs, class java.lang.Object oid)"
12:15:45,108 (main) DEBUG [DataNucleus.Enhancer] - Adding method "java.lang.Object dnGetObjectId()"
12:15:45,108 (main) DEBUG [DataNucleus.Enhancer] - Adding method "java.lang.Object dnGetVersion()"
12:15:45,109 (main) DEBUG [DataNucleus.Enhancer] - Adding method "void dnPreSerialize()"
12:15:45,109 (main) DEBUG [DataNucleus.Enhancer] - Adding method "org.datanucleus.enhancement.ExecutionContextReference dnGetExecutionContext()"
12:15:45,109 (main) DEBUG [DataNucleus.Enhancer] - Adding method "java.lang.Object dnGetTransactionalObjectId()"
12:15:45,110 (main) DEBUG [DataNucleus.Enhancer] - Adding method "boolean dnIsDeleted()"
12:15:45,110 (main) DEBUG [DataNucleus.Enhancer] - Adding method "boolean dnIsDirty()"
12:15:45,110 (main) DEBUG [DataNucleus.Enhancer] - Adding method "boolean dnIsNew()"
12:15:45,110 (main) DEBUG [DataNucleus.Enhancer] - Adding method "boolean dnIsPersistent()"
12:15:45,111 (main) DEBUG [DataNucleus.Enhancer] - Adding method "boolean dnIsTransactional()"
12:15:45,111 (main) DEBUG [DataNucleus.Enhancer] - Adding method "void dnMakeDirty(class java.lang.String fieldName)"
12:15:45,111 (main) DEBUG [DataNucleus.Enhancer] - Adding method "java.lang.Object dnNewObjectIdInstance()"
12:15:45,111 (main) DEBUG [DataNucleus.Enhancer] - Adding method "java.lang.Object dnNewObjectIdInstance(class java.lang.Object key)"
12:15:45,111 (main) DEBUG [DataNucleus.Enhancer] - Adding method "void dnProvideFields(class [I indices)"
12:15:45,112 (main) DEBUG [DataNucleus.Enhancer] - Adding method "void dnReplaceFields(class [I indices)"
12:15:45,112 (main) DEBUG [DataNucleus.Enhancer] - Adding method "void dnReplaceFlags()"
12:15:45,112 (main) DEBUG [DataNucleus.Enhancer] - Adding method "void dnReplaceStateManager(interface org.datanucleus.enhancement.StateManager sm)"
12:15:45,112 (main) DEBUG [DataNucleus.Enhancer] - Adding method "boolean dnIsDetached()"
12:15:45,112 (main) DEBUG [DataNucleus.Enhancer] - Adding method "org.datanucleus.enhancement.Persistable dnNewInstance(interface org.datanucleus.enhancement.StateManager sm)"
12:15:45,113 (main) DEBUG [DataNucleus.Enhancer] - Adding method "org.datanucleus.enhancement.Persistable dnNewInstance(interface org.datanucleus.enhancement.StateManager sm, class java.lang.Object obj)"
12:15:45,113 (main) DEBUG [DataNucleus.Enhancer] - Adding method "void dnReplaceField(int index)"
12:15:45,113 (main) DEBUG [DataNucleus.Enhancer] - Adding method "void dnProvideField(int index)"
12:15:45,114 (main) DEBUG [DataNucleus.Enhancer] - Adding method "void dnCopyField(class domainapp.dom.modules.simple.SimpleObject obj, int index)"
12:15:45,114 (main) DEBUG [DataNucleus.Enhancer] - Adding method "void dnCopyFields(class java.lang.Object obj, class [I indices)"
12:15:45,114 (main) DEBUG [DataNucleus.Enhancer] - Adding method "[Ljava.lang.String; __dnFieldNamesInit()"
12:15:45,114 (main) DEBUG [DataNucleus.Enhancer] - Adding method "[Ljava.lang.Class; __dnFieldTypesInit()"
12:15:45,114 (main) DEBUG [DataNucleus.Enhancer] - Adding method "[B __dnFieldFlagsInit()"
12:15:45,114 (main) DEBUG [DataNucleus.Enhancer] - Adding method "int __dnGetInheritedFieldCount()"
12:15:45,114 (main) DEBUG [DataNucleus.Enhancer] - Adding method "int dnGetManagedFieldCount()"
12:15:45,114 (main) DEBUG [DataNucleus.Enhancer] - Adding method "java.lang.Class __dnPersistableSuperclassInit()"
12:15:45,115 (main) DEBUG [DataNucleus.Enhancer] - Adding method "java.lang.Class ___dn$loadClass(class java.lang.String className)"
12:15:45,116 (main) DEBUG [DataNucleus.Enhancer] - Adding method "java.lang.Object dnSuperClone()"
12:15:45,117 (main) INFO  [DataNucleus.Enhancer] - Writing class file "/opt/data/javatraining/core/design/naked-objects/dom/target/classes/domainapp/dom/modules/simple/SimpleObject.class" with enhanced definition
12:15:45,117 (main) INFO  [DataNucleus.Enhancer] - ENHANCED (Persistable) : domainapp.dom.modules.simple.SimpleObject
12:15:45,117 (main) DEBUG [DataNucleus.Enhancer] - Enhance of class "domainapp.dom.modules.simple.SimpleObject" completed
12:15:45,119 (main) INFO  [DataNucleus.Enhancer] - DataNucleus Enhancer completed with success for 1 classes. Timings : input=116 ms, enhance=715 ms, total=831 ms. Consult the log for full details
